2024/07/08 07:32:13 [notice] 1#1: using the "epoll" event method
2024/07/08 07:32:13 [notice] 1#1: nginx/1.27.0
2024/07/08 07:32:13 [notice] 1#1: built by gcc 12.2.0 (Debian 12.2.0-14) 
2024/07/08 07:32:13 [notice] 1#1: OS: Linux 5.15.146.1-microsoft-standard-WSL2
2024/07/08 07:32:13 [notice] 1#1: getrlimit(RLIMIT_NOFILE): 1048576:1048576
2024/07/08 07:32:13 [notice] 1#1: start worker processes
2024/07/08 07:32:13 [notice] 1#1: start worker process 29
2024/07/08 07:32:13 [notice] 1#1: start worker process 30
2024/07/08 07:32:13 [notice] 1#1: start worker process 31
2024/07/08 07:32:13 [notice] 1#1: start worker process 32
2024/07/08 07:32:13 [notice] 1#1: start worker process 33
2024/07/08 07:32:13 [notice] 1#1: start worker process 34
2024/07/08 07:32:13 [notice] 1#1: start worker process 35
2024/07/08 07:32:13 [notice] 1#1: start worker process 36
2024/07/08 07:32:13 [notice] 1#1: start worker process 37
2024/07/08 07:32:13 [notice] 1#1: start worker process 38
2024/07/08 07:32:13 [notice] 1#1: start worker process 39
2024/07/08 07:32:13 [notice] 1#1: start worker process 40
2024/07/08 07:32:13 [notice] 1#1: start worker process 41
2024/07/08 07:32:13 [notice] 1#1: start worker process 42
2024/07/08 07:32:13 [notice] 1#1: start worker process 43
2024/07/08 07:32:13 [notice] 1#1: start worker process 44
2024/07/08 07:50:34 [notice] 1#1: signal 3 (SIGQUIT) received, shutting down
2024/07/08 07:50:34 [notice] 29#29: gracefully shutting down
2024/07/08 07:50:34 [notice] 33#33: gracefully shutting down
2024/07/08 07:50:34 [notice] 31#31: gracefully shutting down
2024/07/08 07:50:34 [notice] 30#30: gracefully shutting down
2024/07/08 07:50:34 [notice] 35#35: gracefully shutting down
2024/07/08 07:50:34 [notice] 38#38: gracefully shutting down
2024/07/08 07:50:34 [notice] 32#32: gracefully shutting down
2024/07/08 07:50:34 [notice] 34#34: gracefully shutting down
2024/07/08 07:50:34 [notice] 34#34: exiting
2024/07/08 07:50:34 [notice] 39#39: gracefully shutting down
2024/07/08 07:50:34 [notice] 41#41: gracefully shutting down
2024/07/08 07:50:34 [notice] 41#41: exiting
2024/07/08 07:50:34 [notice] 40#40: gracefully shutting down
2024/07/08 07:50:34 [notice] 43#43: gracefully shutting down
2024/07/08 07:50:34 [notice] 36#36: gracefully shutting down
2024/07/08 07:50:34 [notice] 36#36: exiting
2024/07/08 07:50:34 [notice] 44#44: gracefully shutting down
2024/07/08 07:50:34 [notice] 44#44: exiting
2024/07/08 07:50:34 [notice] 42#42: gracefully shutting down
2024/07/08 07:50:34 [notice] 37#37: gracefully shutting down
2024/07/08 07:50:34 [notice] 29#29: exiting
2024/07/08 07:50:34 [notice] 33#33: exiting
2024/07/08 07:50:34 [notice] 31#31: exiting
2024/07/08 07:50:34 [notice] 30#30: exiting
2024/07/08 07:50:34 [notice] 35#35: exiting
2024/07/08 07:50:34 [notice] 38#38: exiting
2024/07/08 07:50:34 [notice] 32#32: exiting
2024/07/08 07:50:34 [notice] 32#32: exit
2024/07/08 07:50:34 [notice] 34#34: exit
2024/07/08 07:50:34 [notice] 39#39: exiting
2024/07/08 07:50:34 [notice] 41#41: exit
2024/07/08 07:50:34 [notice] 40#40: exiting
2024/07/08 07:50:34 [notice] 40#40: exit
2024/07/08 07:50:34 [notice] 43#43: exiting
2024/07/08 07:50:34 [notice] 36#36: exit
2024/07/08 07:50:34 [notice] 44#44: exit
2024/07/08 07:50:34 [notice] 42#42: exiting
2024/07/08 07:50:34 [notice] 37#37: exiting
2024/07/08 07:50:34 [notice] 29#29: exit
2024/07/08 07:50:34 [notice] 33#33: exit
2024/07/08 07:50:34 [notice] 31#31: exit
2024/07/08 07:50:34 [notice] 30#30: exit
2024/07/08 07:50:34 [notice] 35#35: exit
2024/07/08 07:50:34 [notice] 38#38: exit
2024/07/08 07:50:34 [notice] 39#39: exit
2024/07/08 07:50:34 [notice] 43#43: exit
2024/07/08 07:50:34 [notice] 42#42: exit
2024/07/08 07:50:34 [notice] 37#37: exit
2024/07/08 07:50:35 [notice] 1#1: signal 17 (SIGCHLD) received from 30
2024/07/08 07:50:35 [notice] 1#1: worker process 29 exited with code 0
2024/07/08 07:50:35 [notice] 1#1: worker process 30 exited with code 0
2024/07/08 07:50:35 [notice] 1#1: worker process 32 exited with code 0
2024/07/08 07:50:35 [notice] 1#1: worker process 34 exited with code 0
2024/07/08 07:50:35 [notice] 1#1: worker process 35 exited with code 0
2024/07/08 07:50:35 [notice] 1#1: worker process 37 exited with code 0
2024/07/08 07:50:35 [notice] 1#1: worker process 40 exited with code 0
2024/07/08 07:50:35 [notice] 1#1: worker process 42 exited with code 0
2024/07/08 07:50:35 [notice] 1#1: worker process 44 exited with code 0
2024/07/08 07:50:35 [notice] 1#1: signal 29 (SIGIO) received
2024/07/08 07:50:35 [notice] 1#1: signal 17 (SIGCHLD) received from 34
2024/07/08 07:50:35 [notice] 1#1: signal 17 (SIGCHLD) received from 31
2024/07/08 07:50:35 [notice] 1#1: worker process 31 exited with code 0
2024/07/08 07:50:35 [notice] 1#1: worker process 33 exited with code 0
2024/07/08 07:50:35 [notice] 1#1: worker process 36 exited with code 0
2024/07/08 07:50:35 [notice] 1#1: worker process 38 exited with code 0
2024/07/08 07:50:35 [notice] 1#1: worker process 41 exited with code 0
2024/07/08 07:50:35 [notice] 1#1: worker process 43 exited with code 0
2024/07/08 07:50:35 [notice] 1#1: signal 29 (SIGIO) received
2024/07/08 07:50:35 [notice] 1#1: signal 17 (SIGCHLD) received from 38
2024/07/08 07:50:35 [notice] 1#1: signal 17 (SIGCHLD) received from 39
2024/07/08 07:50:35 [notice] 1#1: worker process 39 exited with code 0
2024/07/08 07:50:35 [notice] 1#1: exit
2024/07/08 07:50:42 [notice] 1#1: using the "epoll" event method
2024/07/08 07:50:42 [notice] 1#1: nginx/1.27.0
2024/07/08 07:50:42 [notice] 1#1: built by gcc 12.2.0 (Debian 12.2.0-14) 
2024/07/08 07:50:42 [notice] 1#1: OS: Linux 5.15.146.1-microsoft-standard-WSL2
2024/07/08 07:50:42 [notice] 1#1: getrlimit(RLIMIT_NOFILE): 1048576:1048576
2024/07/08 07:50:42 [notice] 1#1: start worker processes
2024/07/08 07:50:42 [notice] 1#1: start worker process 29
2024/07/08 07:50:42 [notice] 1#1: start worker process 30
2024/07/08 07:50:42 [notice] 1#1: start worker process 31
2024/07/08 07:50:42 [notice] 1#1: start worker process 32
2024/07/08 07:50:42 [notice] 1#1: start worker process 33
2024/07/08 07:50:42 [notice] 1#1: start worker process 34
2024/07/08 07:50:42 [notice] 1#1: start worker process 35
2024/07/08 07:50:42 [notice] 1#1: start worker process 36
2024/07/08 07:50:42 [notice] 1#1: start worker process 37
2024/07/08 07:50:42 [notice] 1#1: start worker process 38
2024/07/08 07:50:42 [notice] 1#1: start worker process 39
2024/07/08 07:50:42 [notice] 1#1: start worker process 40
2024/07/08 07:50:42 [notice] 1#1: start worker process 41
2024/07/08 07:50:42 [notice] 1#1: start worker process 42
2024/07/08 07:50:42 [notice] 1#1: start worker process 43
2024/07/08 07:50:42 [notice] 1#1: start worker process 44
2024/07/08 07:52:08 [notice] 1#1: signal 3 (SIGQUIT) received, shutting down
2024/07/08 07:52:08 [notice] 29#29: gracefully shutting down
2024/07/08 07:52:08 [notice] 30#30: gracefully shutting down
2024/07/08 07:52:08 [notice] 31#31: gracefully shutting down
2024/07/08 07:52:08 [notice] 32#32: gracefully shutting down
2024/07/08 07:52:08 [notice] 33#33: gracefully shutting down
2024/07/08 07:52:08 [notice] 34#34: gracefully shutting down
2024/07/08 07:52:08 [notice] 34#34: exiting
2024/07/08 07:52:08 [notice] 35#35: gracefully shutting down
2024/07/08 07:52:08 [notice] 36#36: gracefully shutting down
2024/07/08 07:52:08 [notice] 38#38: gracefully shutting down
2024/07/08 07:52:08 [notice] 37#37: gracefully shutting down
2024/07/08 07:52:08 [notice] 39#39: gracefully shutting down
2024/07/08 07:52:08 [notice] 40#40: gracefully shutting down
2024/07/08 07:52:08 [notice] 41#41: gracefully shutting down
2024/07/08 07:52:08 [notice] 43#43: gracefully shutting down
2024/07/08 07:52:08 [notice] 43#43: exiting
2024/07/08 07:52:08 [notice] 42#42: gracefully shutting down
2024/07/08 07:52:08 [notice] 44#44: gracefully shutting down
2024/07/08 07:52:08 [notice] 29#29: exiting
2024/07/08 07:52:08 [notice] 30#30: exiting
2024/07/08 07:52:08 [notice] 31#31: exiting
2024/07/08 07:52:08 [notice] 32#32: exiting
2024/07/08 07:52:08 [notice] 33#33: exiting
2024/07/08 07:52:08 [notice] 34#34: exit
2024/07/08 07:52:08 [notice] 35#35: exiting
2024/07/08 07:52:08 [notice] 36#36: exiting
2024/07/08 07:52:08 [notice] 38#38: exiting
2024/07/08 07:52:08 [notice] 37#37: exiting
2024/07/08 07:52:08 [notice] 39#39: exiting
2024/07/08 07:52:08 [notice] 40#40: exiting
2024/07/08 07:52:08 [notice] 41#41: exiting
2024/07/08 07:52:08 [notice] 43#43: exit
2024/07/08 07:52:08 [notice] 42#42: exiting
2024/07/08 07:52:08 [notice] 44#44: exiting
2024/07/08 07:52:08 [notice] 29#29: exit
2024/07/08 07:52:08 [notice] 30#30: exit
2024/07/08 07:52:08 [notice] 31#31: exit
2024/07/08 07:52:08 [notice] 32#32: exit
2024/07/08 07:52:08 [notice] 33#33: exit
2024/07/08 07:52:08 [notice] 35#35: exit
2024/07/08 07:52:08 [notice] 36#36: exit
2024/07/08 07:52:08 [notice] 38#38: exit
2024/07/08 07:52:08 [notice] 37#37: exit
2024/07/08 07:52:08 [notice] 39#39: exit
2024/07/08 07:52:08 [notice] 40#40: exit
2024/07/08 07:52:08 [notice] 41#41: exit
2024/07/08 07:52:08 [notice] 42#42: exit
2024/07/08 07:52:08 [notice] 44#44: exit
2024/07/08 07:52:08 [notice] 1#1: signal 17 (SIGCHLD) received from 34
2024/07/08 07:52:08 [notice] 1#1: worker process 34 exited with code 0
2024/07/08 07:52:08 [notice] 1#1: worker process 39 exited with code 0
2024/07/08 07:52:08 [notice] 1#1: worker process 44 exited with code 0
2024/07/08 07:52:08 [notice] 1#1: signal 29 (SIGIO) received
2024/07/08 07:52:08 [notice] 1#1: signal 17 (SIGCHLD) received from 44
2024/07/08 07:52:08 [notice] 1#1: signal 17 (SIGCHLD) received from 40
2024/07/08 07:52:08 [notice] 1#1: worker process 40 exited with code 0
2024/07/08 07:52:08 [notice] 1#1: signal 29 (SIGIO) received
2024/07/08 07:52:08 [notice] 1#1: signal 17 (SIGCHLD) received from 31
2024/07/08 07:52:08 [notice] 1#1: worker process 29 exited with code 0
2024/07/08 07:52:08 [notice] 1#1: worker process 31 exited with code 0
2024/07/08 07:52:08 [notice] 1#1: worker process 32 exited with code 0
2024/07/08 07:52:08 [notice] 1#1: worker process 33 exited with code 0
2024/07/08 07:52:08 [notice] 1#1: worker process 35 exited with code 0
2024/07/08 07:52:08 [notice] 1#1: worker process 36 exited with code 0
2024/07/08 07:52:08 [notice] 1#1: worker process 37 exited with code 0
2024/07/08 07:52:08 [notice] 1#1: worker process 41 exited with code 0
2024/07/08 07:52:08 [notice] 1#1: worker process 43 exited with code 0
2024/07/08 07:52:08 [notice] 1#1: signal 29 (SIGIO) received
2024/07/08 07:52:08 [notice] 1#1: signal 17 (SIGCHLD) received from 32
2024/07/08 07:52:08 [notice] 1#1: signal 17 (SIGCHLD) received from 38
2024/07/08 07:52:08 [notice] 1#1: worker process 38 exited with code 0
2024/07/08 07:52:08 [notice] 1#1: signal 29 (SIGIO) received
2024/07/08 07:52:08 [notice] 1#1: signal 17 (SIGCHLD) received from 30
2024/07/08 07:52:08 [notice] 1#1: worker process 30 exited with code 0
2024/07/08 07:52:08 [notice] 1#1: worker process 42 exited with code 0
2024/07/08 07:52:08 [notice] 1#1: exit
2024/07/08 07:52:15 [notice] 1#1: using the "epoll" event method
2024/07/08 07:52:15 [notice] 1#1: nginx/1.27.0
2024/07/08 07:52:15 [notice] 1#1: built by gcc 12.2.0 (Debian 12.2.0-14) 
2024/07/08 07:52:15 [notice] 1#1: OS: Linux 5.15.146.1-microsoft-standard-WSL2
2024/07/08 07:52:15 [notice] 1#1: getrlimit(RLIMIT_NOFILE): 1048576:1048576
2024/07/08 07:52:15 [notice] 1#1: start worker processes
2024/07/08 07:52:15 [notice] 1#1: start worker process 29
2024/07/08 07:52:15 [notice] 1#1: start worker process 30
2024/07/08 07:52:15 [notice] 1#1: start worker process 31
2024/07/08 07:52:15 [notice] 1#1: start worker process 32
2024/07/08 07:52:15 [notice] 1#1: start worker process 33
2024/07/08 07:52:15 [notice] 1#1: start worker process 34
2024/07/08 07:52:15 [notice] 1#1: start worker process 35
2024/07/08 07:52:15 [notice] 1#1: start worker process 36
2024/07/08 07:52:15 [notice] 1#1: start worker process 37
2024/07/08 07:52:15 [notice] 1#1: start worker process 38
2024/07/08 07:52:15 [notice] 1#1: start worker process 39
2024/07/08 07:52:15 [notice] 1#1: start worker process 40
2024/07/08 07:52:15 [notice] 1#1: start worker process 41
2024/07/08 07:52:15 [notice] 1#1: start worker process 42
2024/07/08 07:52:15 [notice] 1#1: start worker process 43
2024/07/08 07:52:15 [notice] 1#1: start worker process 44
2024/07/08 07:52:49 [notice] 1#1: signal 3 (SIGQUIT) received, shutting down
2024/07/08 07:52:49 [notice] 31#31: gracefully shutting down
2024/07/08 07:52:49 [notice] 39#39: gracefully shutting down
2024/07/08 07:52:49 [notice] 29#29: gracefully shutting down
2024/07/08 07:52:49 [notice] 29#29: exiting
2024/07/08 07:52:49 [notice] 30#30: gracefully shutting down
2024/07/08 07:52:49 [notice] 30#30: exiting
2024/07/08 07:52:49 [notice] 32#32: gracefully shutting down
2024/07/08 07:52:49 [notice] 33#33: gracefully shutting down
2024/07/08 07:52:49 [notice] 34#34: gracefully shutting down
2024/07/08 07:52:49 [notice] 35#35: gracefully shutting down
2024/07/08 07:52:49 [notice] 36#36: gracefully shutting down
2024/07/08 07:52:49 [notice] 37#37: gracefully shutting down
2024/07/08 07:52:49 [notice] 38#38: gracefully shutting down
2024/07/08 07:52:49 [notice] 38#38: exiting
2024/07/08 07:52:49 [notice] 40#40: gracefully shutting down
2024/07/08 07:52:49 [notice] 43#43: gracefully shutting down
2024/07/08 07:52:49 [notice] 43#43: exiting
2024/07/08 07:52:49 [notice] 43#43: exit
2024/07/08 07:52:49 [notice] 42#42: gracefully shutting down
2024/07/08 07:52:49 [notice] 41#41: gracefully shutting down
2024/07/08 07:52:49 [notice] 31#31: exiting
2024/07/08 07:52:49 [notice] 44#44: gracefully shutting down
2024/07/08 07:52:49 [notice] 39#39: exiting
2024/07/08 07:52:49 [notice] 29#29: exit
2024/07/08 07:52:49 [notice] 30#30: exit
2024/07/08 07:52:49 [notice] 32#32: exiting
2024/07/08 07:52:49 [notice] 33#33: exiting
2024/07/08 07:52:49 [notice] 34#34: exiting
2024/07/08 07:52:49 [notice] 35#35: exiting
2024/07/08 07:52:49 [notice] 36#36: exiting
2024/07/08 07:52:49 [notice] 37#37: exiting
2024/07/08 07:52:49 [notice] 38#38: exit
2024/07/08 07:52:49 [notice] 40#40: exiting
2024/07/08 07:52:49 [notice] 40#40: exit
2024/07/08 07:52:49 [notice] 42#42: exiting
2024/07/08 07:52:49 [notice] 41#41: exiting
2024/07/08 07:52:49 [notice] 41#41: exit
2024/07/08 07:52:49 [notice] 31#31: exit
2024/07/08 07:52:49 [notice] 44#44: exiting
2024/07/08 07:52:49 [notice] 39#39: exit
2024/07/08 07:52:49 [notice] 32#32: exit
2024/07/08 07:52:49 [notice] 33#33: exit
2024/07/08 07:52:49 [notice] 34#34: exit
2024/07/08 07:52:49 [notice] 35#35: exit
2024/07/08 07:52:49 [notice] 36#36: exit
2024/07/08 07:52:49 [notice] 37#37: exit
2024/07/08 07:52:49 [notice] 42#42: exit
2024/07/08 07:52:49 [notice] 44#44: exit
2024/07/08 07:52:49 [notice] 1#1: signal 17 (SIGCHLD) received from 32
2024/07/08 07:52:49 [notice] 1#1: worker process 32 exited with code 0
2024/07/08 07:52:49 [notice] 1#1: worker process 35 exited with code 0
2024/07/08 07:52:49 [notice] 1#1: signal 29 (SIGIO) received
2024/07/08 07:52:49 [notice] 1#1: signal 17 (SIGCHLD) received from 35
2024/07/08 07:52:49 [notice] 1#1: signal 17 (SIGCHLD) received from 43
2024/07/08 07:52:49 [notice] 1#1: worker process 33 exited with code 0
2024/07/08 07:52:49 [notice] 1#1: worker process 36 exited with code 0
2024/07/08 07:52:49 [notice] 1#1: worker process 43 exited with code 0
2024/07/08 07:52:49 [notice] 1#1: signal 29 (SIGIO) received
2024/07/08 07:52:49 [notice] 1#1: signal 17 (SIGCHLD) received from 36
2024/07/08 07:52:49 [notice] 1#1: signal 17 (SIGCHLD) received from 31
2024/07/08 07:52:49 [notice] 1#1: worker process 30 exited with code 0
2024/07/08 07:52:49 [notice] 1#1: worker process 31 exited with code 0
2024/07/08 07:52:49 [notice] 1#1: worker process 37 exited with code 0
2024/07/08 07:52:49 [notice] 1#1: worker process 39 exited with code 0
2024/07/08 07:52:49 [notice] 1#1: worker process 44 exited with code 0
2024/07/08 07:52:49 [notice] 1#1: signal 29 (SIGIO) received
2024/07/08 07:52:49 [notice] 1#1: signal 17 (SIGCHLD) received from 44
2024/07/08 07:52:49 [notice] 1#1: signal 17 (SIGCHLD) received from 29
2024/07/08 07:52:49 [notice] 1#1: worker process 29 exited with code 0
2024/07/08 07:52:49 [notice] 1#1: worker process 34 exited with code 0
2024/07/08 07:52:49 [notice] 1#1: worker process 38 exited with code 0
2024/07/08 07:52:49 [notice] 1#1: worker process 40 exited with code 0
2024/07/08 07:52:49 [notice] 1#1: worker process 41 exited with code 0
2024/07/08 07:52:49 [notice] 1#1: worker process 42 exited with code 0
2024/07/08 07:52:49 [notice] 1#1: exit
2024/07/08 07:53:00 [notice] 1#1: using the "epoll" event method
2024/07/08 07:53:00 [notice] 1#1: nginx/1.27.0
2024/07/08 07:53:00 [notice] 1#1: built by gcc 12.2.0 (Debian 12.2.0-14) 
2024/07/08 07:53:00 [notice] 1#1: OS: Linux 5.15.146.1-microsoft-standard-WSL2
2024/07/08 07:53:00 [notice] 1#1: getrlimit(RLIMIT_NOFILE): 1048576:1048576
2024/07/08 07:53:00 [notice] 1#1: start worker processes
2024/07/08 07:53:00 [notice] 1#1: start worker process 29
2024/07/08 07:53:00 [notice] 1#1: start worker process 30
2024/07/08 07:53:00 [notice] 1#1: start worker process 31
2024/07/08 07:53:00 [notice] 1#1: start worker process 32
2024/07/08 07:53:00 [notice] 1#1: start worker process 33
2024/07/08 07:53:00 [notice] 1#1: start worker process 34
2024/07/08 07:53:00 [notice] 1#1: start worker process 35
2024/07/08 07:53:00 [notice] 1#1: start worker process 36
2024/07/08 07:53:00 [notice] 1#1: start worker process 37
2024/07/08 07:53:00 [notice] 1#1: start worker process 38
2024/07/08 07:53:00 [notice] 1#1: start worker process 39
2024/07/08 07:53:00 [notice] 1#1: start worker process 40
2024/07/08 07:53:00 [notice] 1#1: start worker process 41
2024/07/08 07:53:00 [notice] 1#1: start worker process 42
2024/07/08 07:53:00 [notice] 1#1: start worker process 43
2024/07/08 07:53:00 [notice] 1#1: start worker process 44
2024/07/08 07:55:09 [notice] 1#1: signal 3 (SIGQUIT) received, shutting down
2024/07/08 07:55:09 [notice] 29#29: gracefully shutting down
2024/07/08 07:55:09 [notice] 31#31: gracefully shutting down
2024/07/08 07:55:09 [notice] 38#38: gracefully shutting down
2024/07/08 07:55:09 [notice] 35#35: gracefully shutting down
2024/07/08 07:55:09 [notice] 39#39: gracefully shutting down
2024/07/08 07:55:09 [notice] 34#34: gracefully shutting down
2024/07/08 07:55:09 [notice] 37#37: gracefully shutting down
2024/07/08 07:55:09 [notice] 36#36: gracefully shutting down
2024/07/08 07:55:09 [notice] 30#30: gracefully shutting down
2024/07/08 07:55:09 [notice] 40#40: gracefully shutting down
2024/07/08 07:55:09 [notice] 40#40: exiting
2024/07/08 07:55:09 [notice] 32#32: gracefully shutting down
2024/07/08 07:55:09 [notice] 32#32: exiting
2024/07/08 07:55:09 [notice] 33#33: gracefully shutting down
2024/07/08 07:55:09 [notice] 41#41: gracefully shutting down
2024/07/08 07:55:09 [notice] 42#42: gracefully shutting down
2024/07/08 07:55:09 [notice] 43#43: gracefully shutting down
2024/07/08 07:55:09 [notice] 44#44: gracefully shutting down
2024/07/08 07:55:09 [notice] 29#29: exiting
2024/07/08 07:55:09 [notice] 31#31: exiting
2024/07/08 07:55:09 [notice] 38#38: exiting
2024/07/08 07:55:09 [notice] 35#35: exiting
2024/07/08 07:55:09 [notice] 39#39: exiting
2024/07/08 07:55:09 [notice] 34#34: exiting
2024/07/08 07:55:09 [notice] 37#37: exiting
2024/07/08 07:55:09 [notice] 36#36: exiting
2024/07/08 07:55:09 [notice] 30#30: exiting
2024/07/08 07:55:09 [notice] 40#40: exit
2024/07/08 07:55:09 [notice] 32#32: exit
2024/07/08 07:55:09 [notice] 33#33: exiting
2024/07/08 07:55:09 [notice] 41#41: exiting
2024/07/08 07:55:09 [notice] 42#42: exiting
2024/07/08 07:55:09 [notice] 43#43: exiting
2024/07/08 07:55:09 [notice] 44#44: exiting
2024/07/08 07:55:09 [notice] 29#29: exit
2024/07/08 07:55:09 [notice] 31#31: exit
2024/07/08 07:55:09 [notice] 38#38: exit
2024/07/08 07:55:09 [notice] 35#35: exit
2024/07/08 07:55:09 [notice] 39#39: exit
2024/07/08 07:55:09 [notice] 34#34: exit
2024/07/08 07:55:09 [notice] 37#37: exit
2024/07/08 07:55:09 [notice] 36#36: exit
2024/07/08 07:55:09 [notice] 30#30: exit
2024/07/08 07:55:09 [notice] 33#33: exit
2024/07/08 07:55:09 [notice] 41#41: exit
2024/07/08 07:55:09 [notice] 42#42: exit
2024/07/08 07:55:09 [notice] 43#43: exit
2024/07/08 07:55:09 [notice] 44#44: exit
2024/07/08 07:55:09 [notice] 1#1: signal 17 (SIGCHLD) received from 29
2024/07/08 07:55:09 [notice] 1#1: worker process 29 exited with code 0
2024/07/08 07:55:09 [notice] 1#1: worker process 31 exited with code 0
2024/07/08 07:55:09 [notice] 1#1: worker process 32 exited with code 0
2024/07/08 07:55:09 [notice] 1#1: worker process 33 exited with code 0
2024/07/08 07:55:09 [notice] 1#1: worker process 39 exited with code 0
2024/07/08 07:55:09 [notice] 1#1: worker process 41 exited with code 0
2024/07/08 07:55:09 [notice] 1#1: worker process 44 exited with code 0
2024/07/08 07:55:09 [notice] 1#1: signal 29 (SIGIO) received
2024/07/08 07:55:09 [notice] 1#1: signal 17 (SIGCHLD) received from 32
2024/07/08 07:55:09 [notice] 1#1: signal 17 (SIGCHLD) received from 35
2024/07/08 07:55:09 [notice] 1#1: worker process 30 exited with code 0
2024/07/08 07:55:09 [notice] 1#1: worker process 35 exited with code 0
2024/07/08 07:55:09 [notice] 1#1: signal 29 (SIGIO) received
2024/07/08 07:55:09 [notice] 1#1: signal 17 (SIGCHLD) received from 38
2024/07/08 07:55:09 [notice] 1#1: worker process 34 exited with code 0
2024/07/08 07:55:09 [notice] 1#1: worker process 38 exited with code 0
2024/07/08 07:55:09 [notice] 1#1: signal 29 (SIGIO) received
2024/07/08 07:55:09 [notice] 1#1: signal 17 (SIGCHLD) received from 34
2024/07/08 07:55:09 [notice] 1#1: signal 17 (SIGCHLD) received from 42
2024/07/08 07:55:09 [notice] 1#1: worker process 42 exited with code 0
2024/07/08 07:55:09 [notice] 1#1: worker process 43 exited with code 0
2024/07/08 07:55:09 [notice] 1#1: signal 29 (SIGIO) received
2024/07/08 07:55:09 [notice] 1#1: signal 17 (SIGCHLD) received from 40
2024/07/08 07:55:09 [notice] 1#1: worker process 36 exited with code 0
2024/07/08 07:55:09 [notice] 1#1: worker process 40 exited with code 0
2024/07/08 07:55:09 [notice] 1#1: signal 29 (SIGIO) received
2024/07/08 07:55:09 [notice] 1#1: signal 17 (SIGCHLD) received from 36
2024/07/08 07:55:09 [notice] 1#1: signal 17 (SIGCHLD) received from 37
2024/07/08 07:55:09 [notice] 1#1: worker process 37 exited with code 0
2024/07/08 07:55:09 [notice] 1#1: exit
2024/07/08 07:55:14 [notice] 1#1: using the "epoll" event method
2024/07/08 07:55:14 [notice] 1#1: nginx/1.27.0
2024/07/08 07:55:14 [notice] 1#1: built by gcc 12.2.0 (Debian 12.2.0-14) 
2024/07/08 07:55:14 [notice] 1#1: OS: Linux 5.15.146.1-microsoft-standard-WSL2
2024/07/08 07:55:14 [notice] 1#1: getrlimit(RLIMIT_NOFILE): 1048576:1048576
2024/07/08 07:55:14 [notice] 1#1: start worker processes
2024/07/08 07:55:14 [notice] 1#1: start worker process 29
2024/07/08 07:55:14 [notice] 1#1: start worker process 30
2024/07/08 07:55:14 [notice] 1#1: start worker process 31
2024/07/08 07:55:14 [notice] 1#1: start worker process 32
2024/07/08 07:55:14 [notice] 1#1: start worker process 33
2024/07/08 07:55:14 [notice] 1#1: start worker process 34
2024/07/08 07:55:14 [notice] 1#1: start worker process 35
2024/07/08 07:55:14 [notice] 1#1: start worker process 36
2024/07/08 07:55:14 [notice] 1#1: start worker process 37
2024/07/08 07:55:14 [notice] 1#1: start worker process 38
2024/07/08 07:55:14 [notice] 1#1: start worker process 39
2024/07/08 07:55:14 [notice] 1#1: start worker process 40
2024/07/08 07:55:14 [notice] 1#1: start worker process 41
2024/07/08 07:55:14 [notice] 1#1: start worker process 42
2024/07/08 07:55:14 [notice] 1#1: start worker process 43
2024/07/08 07:55:14 [notice] 1#1: start worker process 44
2024/07/08 07:57:37 [notice] 1#1: signal 3 (SIGQUIT) received, shutting down
2024/07/08 07:57:37 [notice] 29#29: gracefully shutting down
2024/07/08 07:57:37 [notice] 38#38: gracefully shutting down
2024/07/08 07:57:37 [notice] 31#31: gracefully shutting down
2024/07/08 07:57:37 [notice] 30#30: gracefully shutting down
2024/07/08 07:57:37 [notice] 32#32: gracefully shutting down
2024/07/08 07:57:37 [notice] 33#33: gracefully shutting down
2024/07/08 07:57:37 [notice] 34#34: gracefully shutting down
2024/07/08 07:57:37 [notice] 35#35: gracefully shutting down
2024/07/08 07:57:37 [notice] 36#36: gracefully shutting down
2024/07/08 07:57:37 [notice] 37#37: gracefully shutting down
2024/07/08 07:57:37 [notice] 29#29: exiting
2024/07/08 07:57:37 [notice] 40#40: gracefully shutting down
2024/07/08 07:57:37 [notice] 39#39: gracefully shutting down
2024/07/08 07:57:37 [notice] 39#39: exiting
2024/07/08 07:57:37 [notice] 41#41: gracefully shutting down
2024/07/08 07:57:37 [notice] 41#41: exiting
2024/07/08 07:57:37 [notice] 42#42: gracefully shutting down
2024/07/08 07:57:37 [notice] 43#43: gracefully shutting down
2024/07/08 07:57:37 [notice] 43#43: exiting
2024/07/08 07:57:37 [notice] 44#44: gracefully shutting down
2024/07/08 07:57:37 [notice] 38#38: exiting
2024/07/08 07:57:37 [notice] 31#31: exiting
2024/07/08 07:57:37 [notice] 30#30: exiting
2024/07/08 07:57:37 [notice] 32#32: exiting
2024/07/08 07:57:37 [notice] 33#33: exiting
2024/07/08 07:57:37 [notice] 34#34: exiting
2024/07/08 07:57:37 [notice] 35#35: exiting
2024/07/08 07:57:37 [notice] 36#36: exiting
2024/07/08 07:57:37 [notice] 37#37: exiting
2024/07/08 07:57:37 [notice] 29#29: exit
2024/07/08 07:57:37 [notice] 40#40: exiting
2024/07/08 07:57:37 [notice] 39#39: exit
2024/07/08 07:57:37 [notice] 41#41: exit
2024/07/08 07:57:37 [notice] 42#42: exiting
2024/07/08 07:57:37 [notice] 43#43: exit
2024/07/08 07:57:37 [notice] 44#44: exiting
2024/07/08 07:57:37 [notice] 38#38: exit
2024/07/08 07:57:37 [notice] 31#31: exit
2024/07/08 07:57:37 [notice] 30#30: exit
2024/07/08 07:57:37 [notice] 32#32: exit
2024/07/08 07:57:37 [notice] 33#33: exit
2024/07/08 07:57:37 [notice] 34#34: exit
2024/07/08 07:57:37 [notice] 35#35: exit
2024/07/08 07:57:37 [notice] 36#36: exit
2024/07/08 07:57:37 [notice] 37#37: exit
2024/07/08 07:57:37 [notice] 40#40: exit
2024/07/08 07:57:37 [notice] 42#42: exit
2024/07/08 07:57:37 [notice] 44#44: exit
2024/07/08 07:57:37 [notice] 1#1: signal 17 (SIGCHLD) received from 41
2024/07/08 07:57:37 [notice] 1#1: worker process 41 exited with code 0
2024/07/08 07:57:37 [notice] 1#1: signal 29 (SIGIO) received
2024/07/08 07:57:37 [notice] 1#1: signal 17 (SIGCHLD) received from 35
2024/07/08 07:57:37 [notice] 1#1: worker process 31 exited with code 0
2024/07/08 07:57:37 [notice] 1#1: worker process 35 exited with code 0
2024/07/08 07:57:37 [notice] 1#1: worker process 40 exited with code 0
2024/07/08 07:57:37 [notice] 1#1: signal 29 (SIGIO) received
2024/07/08 07:57:37 [notice] 1#1: signal 17 (SIGCHLD) received from 30
2024/07/08 07:57:37 [notice] 1#1: worker process 30 exited with code 0
2024/07/08 07:57:37 [notice] 1#1: worker process 32 exited with code 0
2024/07/08 07:57:37 [notice] 1#1: worker process 36 exited with code 0
2024/07/08 07:57:37 [notice] 1#1: worker process 38 exited with code 0
2024/07/08 07:57:37 [notice] 1#1: worker process 39 exited with code 0
2024/07/08 07:57:37 [notice] 1#1: signal 29 (SIGIO) received
2024/07/08 07:57:37 [notice] 1#1: signal 17 (SIGCHLD) received from 39
2024/07/08 07:57:37 [notice] 1#1: signal 17 (SIGCHLD) received from 34
2024/07/08 07:57:37 [notice] 1#1: worker process 34 exited with code 0
2024/07/08 07:57:37 [notice] 1#1: worker process 44 exited with code 0
2024/07/08 07:57:37 [notice] 1#1: signal 29 (SIGIO) received
2024/07/08 07:57:37 [notice] 1#1: signal 17 (SIGCHLD) received from 44
2024/07/08 07:57:37 [notice] 1#1: signal 17 (SIGCHLD) received from 42
2024/07/08 07:57:37 [notice] 1#1: worker process 29 exited with code 0
2024/07/08 07:57:37 [notice] 1#1: worker process 33 exited with code 0
2024/07/08 07:57:37 [notice] 1#1: worker process 37 exited with code 0
2024/07/08 07:57:37 [notice] 1#1: worker process 42 exited with code 0
2024/07/08 07:57:37 [notice] 1#1: worker process 43 exited with code 0
2024/07/08 07:57:37 [notice] 1#1: exit
2024/07/08 07:57:45 [notice] 1#1: using the "epoll" event method
2024/07/08 07:57:45 [notice] 1#1: nginx/1.27.0
2024/07/08 07:57:45 [notice] 1#1: built by gcc 12.2.0 (Debian 12.2.0-14) 
2024/07/08 07:57:45 [notice] 1#1: OS: Linux 5.15.146.1-microsoft-standard-WSL2
2024/07/08 07:57:45 [notice] 1#1: getrlimit(RLIMIT_NOFILE): 1048576:1048576
2024/07/08 07:57:45 [notice] 1#1: start worker processes
2024/07/08 07:57:45 [notice] 1#1: start worker process 29
2024/07/08 07:57:45 [notice] 1#1: start worker process 30
2024/07/08 07:57:45 [notice] 1#1: start worker process 31
2024/07/08 07:57:45 [notice] 1#1: start worker process 32
2024/07/08 07:57:45 [notice] 1#1: start worker process 33
2024/07/08 07:57:45 [notice] 1#1: start worker process 34
2024/07/08 07:57:45 [notice] 1#1: start worker process 35
2024/07/08 07:57:45 [notice] 1#1: start worker process 36
2024/07/08 07:57:45 [notice] 1#1: start worker process 37
2024/07/08 07:57:45 [notice] 1#1: start worker process 38
2024/07/08 07:57:45 [notice] 1#1: start worker process 39
2024/07/08 07:57:45 [notice] 1#1: start worker process 40
2024/07/08 07:57:45 [notice] 1#1: start worker process 41
2024/07/08 07:57:45 [notice] 1#1: start worker process 42
2024/07/08 07:57:45 [notice] 1#1: start worker process 43
2024/07/08 07:57:45 [notice] 1#1: start worker process 44
2024/07/08 08:01:24 [notice] 1#1: signal 3 (SIGQUIT) received, shutting down
2024/07/08 08:01:24 [notice] 29#29: gracefully shutting down
2024/07/08 08:01:24 [notice] 35#35: gracefully shutting down
2024/07/08 08:01:24 [notice] 30#30: gracefully shutting down
2024/07/08 08:01:24 [notice] 31#31: gracefully shutting down
2024/07/08 08:01:24 [notice] 32#32: gracefully shutting down
2024/07/08 08:01:24 [notice] 33#33: gracefully shutting down
2024/07/08 08:01:24 [notice] 33#33: exiting
2024/07/08 08:01:24 [notice] 34#34: gracefully shutting down
2024/07/08 08:01:24 [notice] 37#37: gracefully shutting down
2024/07/08 08:01:24 [notice] 29#29: exiting
2024/07/08 08:01:24 [notice] 36#36: gracefully shutting down
2024/07/08 08:01:24 [notice] 36#36: exiting
2024/07/08 08:01:24 [notice] 38#38: gracefully shutting down
2024/07/08 08:01:24 [notice] 40#40: gracefully shutting down
2024/07/08 08:01:24 [notice] 39#39: gracefully shutting down
2024/07/08 08:01:24 [notice] 41#41: gracefully shutting down
2024/07/08 08:01:24 [notice] 41#41: exiting
2024/07/08 08:01:24 [notice] 42#42: gracefully shutting down
2024/07/08 08:01:24 [notice] 43#43: gracefully shutting down
2024/07/08 08:01:24 [notice] 44#44: gracefully shutting down
2024/07/08 08:01:24 [notice] 35#35: exiting
2024/07/08 08:01:24 [notice] 30#30: exiting
2024/07/08 08:01:24 [notice] 31#31: exiting
2024/07/08 08:01:24 [notice] 32#32: exiting
2024/07/08 08:01:24 [notice] 33#33: exit
2024/07/08 08:01:24 [notice] 34#34: exiting
2024/07/08 08:01:24 [notice] 37#37: exiting
2024/07/08 08:01:24 [notice] 29#29: exit
2024/07/08 08:01:24 [notice] 36#36: exit
2024/07/08 08:01:24 [notice] 38#38: exiting
2024/07/08 08:01:24 [notice] 40#40: exiting
2024/07/08 08:01:24 [notice] 39#39: exiting
2024/07/08 08:01:24 [notice] 41#41: exit
2024/07/08 08:01:24 [notice] 42#42: exiting
2024/07/08 08:01:24 [notice] 42#42: exit
2024/07/08 08:01:24 [notice] 43#43: exiting
2024/07/08 08:01:24 [notice] 44#44: exiting
2024/07/08 08:01:24 [notice] 35#35: exit
2024/07/08 08:01:24 [notice] 30#30: exit
2024/07/08 08:01:24 [notice] 31#31: exit
2024/07/08 08:01:24 [notice] 32#32: exit
2024/07/08 08:01:24 [notice] 34#34: exit
2024/07/08 08:01:24 [notice] 37#37: exit
2024/07/08 08:01:24 [notice] 38#38: exit
2024/07/08 08:01:24 [notice] 40#40: exit
2024/07/08 08:01:24 [notice] 39#39: exit
2024/07/08 08:01:24 [notice] 43#43: exit
2024/07/08 08:01:24 [notice] 44#44: exit
2024/07/08 08:01:24 [notice] 1#1: signal 17 (SIGCHLD) received from 33
2024/07/08 08:01:24 [notice] 1#1: worker process 29 exited with code 0
2024/07/08 08:01:24 [notice] 1#1: worker process 32 exited with code 0
2024/07/08 08:01:24 [notice] 1#1: worker process 33 exited with code 0
2024/07/08 08:01:24 [notice] 1#1: worker process 36 exited with code 0
2024/07/08 08:01:24 [notice] 1#1: signal 29 (SIGIO) received
2024/07/08 08:01:24 [notice] 1#1: signal 17 (SIGCHLD) received from 29
2024/07/08 08:01:24 [notice] 1#1: signal 17 (SIGCHLD) received from 34
2024/07/08 08:01:24 [notice] 1#1: worker process 30 exited with code 0
2024/07/08 08:01:24 [notice] 1#1: worker process 31 exited with code 0
2024/07/08 08:01:24 [notice] 1#1: worker process 34 exited with code 0
2024/07/08 08:01:24 [notice] 1#1: worker process 35 exited with code 0
2024/07/08 08:01:24 [notice] 1#1: worker process 42 exited with code 0
2024/07/08 08:01:24 [notice] 1#1: signal 29 (SIGIO) received
2024/07/08 08:01:24 [notice] 1#1: signal 17 (SIGCHLD) received from 35
2024/07/08 08:01:24 [notice] 1#1: signal 17 (SIGCHLD) received from 39
2024/07/08 08:01:24 [notice] 1#1: worker process 38 exited with code 0
2024/07/08 08:01:24 [notice] 1#1: worker process 39 exited with code 0
2024/07/08 08:01:24 [notice] 1#1: signal 29 (SIGIO) received
2024/07/08 08:01:24 [notice] 1#1: signal 17 (SIGCHLD) received from 38
2024/07/08 08:01:24 [notice] 1#1: signal 17 (SIGCHLD) received from 41
2024/07/08 08:01:24 [notice] 1#1: worker process 37 exited with code 0
2024/07/08 08:01:24 [notice] 1#1: worker process 41 exited with code 0
2024/07/08 08:01:24 [notice] 1#1: signal 29 (SIGIO) received
2024/07/08 08:01:24 [notice] 1#1: signal 17 (SIGCHLD) received from 40
2024/07/08 08:01:24 [notice] 1#1: worker process 40 exited with code 0
2024/07/08 08:01:24 [notice] 1#1: worker process 44 exited with code 0
2024/07/08 08:01:24 [notice] 1#1: signal 29 (SIGIO) received
2024/07/08 08:01:24 [notice] 1#1: signal 17 (SIGCHLD) received from 43
2024/07/08 08:01:24 [notice] 1#1: worker process 43 exited with code 0
2024/07/08 08:01:24 [notice] 1#1: exit
2024/07/08 08:01:36 [notice] 1#1: using the "epoll" event method
2024/07/08 08:01:36 [notice] 1#1: nginx/1.27.0
2024/07/08 08:01:36 [notice] 1#1: built by gcc 12.2.0 (Debian 12.2.0-14) 
2024/07/08 08:01:36 [notice] 1#1: OS: Linux 5.15.146.1-microsoft-standard-WSL2
2024/07/08 08:01:36 [notice] 1#1: getrlimit(RLIMIT_NOFILE): 1048576:1048576
2024/07/08 08:01:36 [notice] 1#1: start worker processes
2024/07/08 08:01:36 [notice] 1#1: start worker process 22
2024/07/08 08:01:36 [notice] 1#1: start worker process 23
2024/07/08 08:01:36 [notice] 1#1: start worker process 24
2024/07/08 08:01:36 [notice] 1#1: start worker process 25
2024/07/08 08:01:36 [notice] 1#1: start worker process 26
2024/07/08 08:01:36 [notice] 1#1: start worker process 27
2024/07/08 08:01:36 [notice] 1#1: start worker process 28
2024/07/08 08:01:36 [notice] 1#1: start worker process 29
2024/07/08 08:01:36 [notice] 1#1: start worker process 30
2024/07/08 08:01:36 [notice] 1#1: start worker process 31
2024/07/08 08:01:36 [notice] 1#1: start worker process 32
2024/07/08 08:01:36 [notice] 1#1: start worker process 33
2024/07/08 08:01:36 [notice] 1#1: start worker process 34
2024/07/08 08:01:36 [notice] 1#1: start worker process 35
2024/07/08 08:01:36 [notice] 1#1: start worker process 36
2024/07/08 08:01:36 [notice] 1#1: start worker process 37
2024/07/08 08:02:11 [notice] 1#1: signal 3 (SIGQUIT) received, shutting down
2024/07/08 08:02:11 [notice] 22#22: gracefully shutting down
2024/07/08 08:02:11 [notice] 24#24: gracefully shutting down
2024/07/08 08:02:11 [notice] 25#25: gracefully shutting down
2024/07/08 08:02:11 [notice] 23#23: gracefully shutting down
2024/07/08 08:02:11 [notice] 26#26: gracefully shutting down
2024/07/08 08:02:11 [notice] 27#27: gracefully shutting down
2024/07/08 08:02:11 [notice] 28#28: gracefully shutting down
2024/07/08 08:02:11 [notice] 29#29: gracefully shutting down
2024/07/08 08:02:11 [notice] 31#31: gracefully shutting down
2024/07/08 08:02:11 [notice] 33#33: gracefully shutting down
2024/07/08 08:02:11 [notice] 33#33: exiting
2024/07/08 08:02:11 [notice] 32#32: gracefully shutting down
2024/07/08 08:02:11 [notice] 22#22: exiting
2024/07/08 08:02:11 [notice] 34#34: gracefully shutting down
2024/07/08 08:02:11 [notice] 35#35: gracefully shutting down
2024/07/08 08:02:11 [notice] 30#30: gracefully shutting down
2024/07/08 08:02:11 [notice] 36#36: gracefully shutting down
2024/07/08 08:02:11 [notice] 37#37: gracefully shutting down
2024/07/08 08:02:11 [notice] 37#37: exiting
2024/07/08 08:02:11 [notice] 24#24: exiting
2024/07/08 08:02:11 [notice] 25#25: exiting
2024/07/08 08:02:11 [notice] 23#23: exiting
2024/07/08 08:02:11 [notice] 26#26: exiting
2024/07/08 08:02:11 [notice] 27#27: exiting
2024/07/08 08:02:11 [notice] 28#28: exiting
2024/07/08 08:02:11 [notice] 29#29: exiting
2024/07/08 08:02:11 [notice] 31#31: exiting
2024/07/08 08:02:11 [notice] 33#33: exit
2024/07/08 08:02:11 [notice] 32#32: exiting
2024/07/08 08:02:11 [notice] 22#22: exit
2024/07/08 08:02:11 [notice] 34#34: exiting
2024/07/08 08:02:11 [notice] 34#34: exit
2024/07/08 08:02:11 [notice] 35#35: exiting
2024/07/08 08:02:11 [notice] 30#30: exiting
2024/07/08 08:02:11 [notice] 36#36: exiting
2024/07/08 08:02:11 [notice] 37#37: exit
2024/07/08 08:02:11 [notice] 24#24: exit
2024/07/08 08:02:11 [notice] 25#25: exit
2024/07/08 08:02:11 [notice] 23#23: exit
2024/07/08 08:02:11 [notice] 26#26: exit
2024/07/08 08:02:11 [notice] 27#27: exit
2024/07/08 08:02:11 [notice] 28#28: exit
2024/07/08 08:02:11 [notice] 29#29: exit
2024/07/08 08:02:11 [notice] 31#31: exit
2024/07/08 08:02:11 [notice] 32#32: exit
2024/07/08 08:02:11 [notice] 35#35: exit
2024/07/08 08:02:11 [notice] 30#30: exit
2024/07/08 08:02:11 [notice] 36#36: exit
2024/07/08 08:02:11 [notice] 1#1: signal 17 (SIGCHLD) received from 33
2024/07/08 08:02:11 [notice] 1#1: worker process 22 exited with code 0
2024/07/08 08:02:11 [notice] 1#1: worker process 23 exited with code 0
2024/07/08 08:02:11 [notice] 1#1: worker process 28 exited with code 0
2024/07/08 08:02:11 [notice] 1#1: worker process 29 exited with code 0
2024/07/08 08:02:11 [notice] 1#1: worker process 30 exited with code 0
2024/07/08 08:02:11 [notice] 1#1: worker process 32 exited with code 0
2024/07/08 08:02:11 [notice] 1#1: worker process 33 exited with code 0
2024/07/08 08:02:11 [notice] 1#1: worker process 34 exited with code 0
2024/07/08 08:02:11 [notice] 1#1: worker process 36 exited with code 0
2024/07/08 08:02:11 [notice] 1#1: signal 29 (SIGIO) received
2024/07/08 08:02:11 [notice] 1#1: signal 17 (SIGCHLD) received from 22
2024/07/08 08:02:11 [notice] 1#1: signal 17 (SIGCHLD) received from 26
2024/07/08 08:02:11 [notice] 1#1: worker process 24 exited with code 0
2024/07/08 08:02:11 [notice] 1#1: worker process 26 exited with code 0
2024/07/08 08:02:11 [notice] 1#1: worker process 31 exited with code 0
2024/07/08 08:02:11 [notice] 1#1: signal 29 (SIGIO) received
2024/07/08 08:02:11 [notice] 1#1: signal 17 (SIGCHLD) received from 31
2024/07/08 08:02:11 [notice] 1#1: signal 17 (SIGCHLD) received from 37
2024/07/08 08:02:11 [notice] 1#1: worker process 27 exited with code 0
2024/07/08 08:02:11 [notice] 1#1: worker process 35 exited with code 0
2024/07/08 08:02:11 [notice] 1#1: worker process 37 exited with code 0
2024/07/08 08:02:11 [notice] 1#1: signal 29 (SIGIO) received
2024/07/08 08:02:11 [notice] 1#1: signal 17 (SIGCHLD) received from 25
2024/07/08 08:02:11 [notice] 1#1: worker process 25 exited with code 0
2024/07/08 08:02:11 [notice] 1#1: exit
2024/07/08 08:02:23 [notice] 1#1: using the "epoll" event method
2024/07/08 08:02:23 [notice] 1#1: nginx/1.27.0
2024/07/08 08:02:23 [notice] 1#1: built by gcc 12.2.0 (Debian 12.2.0-14) 
2024/07/08 08:02:23 [notice] 1#1: OS: Linux 5.15.146.1-microsoft-standard-WSL2
2024/07/08 08:02:23 [notice] 1#1: getrlimit(RLIMIT_NOFILE): 1048576:1048576
2024/07/08 08:02:23 [notice] 1#1: start worker processes
2024/07/08 08:02:23 [notice] 1#1: start worker process 22
2024/07/08 08:02:23 [notice] 1#1: start worker process 23
2024/07/08 08:02:23 [notice] 1#1: start worker process 24
2024/07/08 08:02:23 [notice] 1#1: start worker process 25
2024/07/08 08:02:23 [notice] 1#1: start worker process 26
2024/07/08 08:02:23 [notice] 1#1: start worker process 27
2024/07/08 08:02:23 [notice] 1#1: start worker process 28
2024/07/08 08:02:23 [notice] 1#1: start worker process 29
2024/07/08 08:02:23 [notice] 1#1: start worker process 30
2024/07/08 08:02:23 [notice] 1#1: start worker process 31
2024/07/08 08:02:23 [notice] 1#1: start worker process 32
2024/07/08 08:02:23 [notice] 1#1: start worker process 33
2024/07/08 08:02:23 [notice] 1#1: start worker process 34
2024/07/08 08:02:23 [notice] 1#1: start worker process 35
2024/07/08 08:02:23 [notice] 1#1: start worker process 36
2024/07/08 08:02:23 [notice] 1#1: start worker process 37
2024/07/08 08:05:44 [notice] 1#1: signal 3 (SIGQUIT) received, shutting down
2024/07/08 08:05:44 [notice] 23#23: gracefully shutting down
2024/07/08 08:05:44 [notice] 23#23: exiting
2024/07/08 08:05:44 [notice] 26#26: gracefully shutting down
2024/07/08 08:05:44 [notice] 26#26: exiting
2024/07/08 08:05:44 [notice] 29#29: gracefully shutting down
2024/07/08 08:05:44 [notice] 24#24: gracefully shutting down
2024/07/08 08:05:44 [notice] 24#24: exiting
2024/07/08 08:05:44 [notice] 33#33: gracefully shutting down
2024/07/08 08:05:44 [notice] 27#27: gracefully shutting down
2024/07/08 08:05:44 [notice] 34#34: gracefully shutting down
2024/07/08 08:05:44 [notice] 35#35: gracefully shutting down
2024/07/08 08:05:44 [notice] 36#36: gracefully shutting down
2024/07/08 08:05:44 [notice] 31#31: gracefully shutting down
2024/07/08 08:05:44 [notice] 37#37: gracefully shutting down
2024/07/08 08:05:44 [notice] 37#37: exiting
2024/07/08 08:05:44 [notice] 22#22: gracefully shutting down
2024/07/08 08:05:44 [notice] 28#28: gracefully shutting down
2024/07/08 08:05:44 [notice] 28#28: exiting
2024/07/08 08:05:44 [notice] 30#30: gracefully shutting down
2024/07/08 08:05:44 [notice] 30#30: exiting
2024/07/08 08:05:44 [notice] 23#23: exit
2024/07/08 08:05:44 [notice] 25#25: gracefully shutting down
2024/07/08 08:05:44 [notice] 32#32: gracefully shutting down
2024/07/08 08:05:44 [notice] 26#26: exit
2024/07/08 08:05:44 [notice] 29#29: exiting
2024/07/08 08:05:44 [notice] 24#24: exit
2024/07/08 08:05:44 [notice] 33#33: exiting
2024/07/08 08:05:44 [notice] 27#27: exiting
2024/07/08 08:05:44 [notice] 34#34: exiting
2024/07/08 08:05:44 [notice] 35#35: exiting
2024/07/08 08:05:44 [notice] 36#36: exiting
2024/07/08 08:05:44 [notice] 31#31: exiting
2024/07/08 08:05:44 [notice] 37#37: exit
2024/07/08 08:05:44 [notice] 22#22: exiting
2024/07/08 08:05:44 [notice] 28#28: exit
2024/07/08 08:05:44 [notice] 30#30: exit
2024/07/08 08:05:44 [notice] 25#25: exiting
2024/07/08 08:05:44 [notice] 32#32: exiting
2024/07/08 08:05:44 [notice] 29#29: exit
2024/07/08 08:05:44 [notice] 33#33: exit
2024/07/08 08:05:44 [notice] 27#27: exit
2024/07/08 08:05:44 [notice] 34#34: exit
2024/07/08 08:05:44 [notice] 35#35: exit
2024/07/08 08:05:44 [notice] 36#36: exit
2024/07/08 08:05:44 [notice] 31#31: exit
2024/07/08 08:05:44 [notice] 22#22: exit
2024/07/08 08:05:44 [notice] 25#25: exit
2024/07/08 08:05:44 [notice] 32#32: exit
2024/07/08 08:05:45 [notice] 1#1: signal 17 (SIGCHLD) received from 23
2024/07/08 08:05:45 [notice] 1#1: worker process 23 exited with code 0
2024/07/08 08:05:45 [notice] 1#1: signal 29 (SIGIO) received
2024/07/08 08:05:45 [notice] 1#1: signal 17 (SIGCHLD) received from 24
2024/07/08 08:05:45 [notice] 1#1: worker process 24 exited with code 0
2024/07/08 08:05:45 [notice] 1#1: worker process 26 exited with code 0
2024/07/08 08:05:45 [notice] 1#1: worker process 27 exited with code 0
2024/07/08 08:05:45 [notice] 1#1: worker process 28 exited with code 0
2024/07/08 08:05:45 [notice] 1#1: worker process 29 exited with code 0
2024/07/08 08:05:45 [notice] 1#1: worker process 30 exited with code 0
2024/07/08 08:05:45 [notice] 1#1: worker process 33 exited with code 0
2024/07/08 08:05:45 [notice] 1#1: worker process 34 exited with code 0
2024/07/08 08:05:45 [notice] 1#1: worker process 35 exited with code 0
2024/07/08 08:05:45 [notice] 1#1: worker process 36 exited with code 0
2024/07/08 08:05:45 [notice] 1#1: worker process 37 exited with code 0
2024/07/08 08:05:45 [notice] 1#1: signal 29 (SIGIO) received
2024/07/08 08:05:45 [notice] 1#1: signal 17 (SIGCHLD) received from 33
2024/07/08 08:05:45 [notice] 1#1: signal 17 (SIGCHLD) received from 22
2024/07/08 08:05:45 [notice] 1#1: worker process 22 exited with code 0
2024/07/08 08:05:45 [notice] 1#1: worker process 31 exited with code 0
2024/07/08 08:05:45 [notice] 1#1: signal 29 (SIGIO) received
2024/07/08 08:05:45 [notice] 1#1: signal 17 (SIGCHLD) received from 25
2024/07/08 08:05:45 [notice] 1#1: worker process 25 exited with code 0
2024/07/08 08:05:45 [notice] 1#1: signal 29 (SIGIO) received
2024/07/08 08:05:45 [notice] 1#1: signal 17 (SIGCHLD) received from 32
2024/07/08 08:05:45 [notice] 1#1: worker process 32 exited with code 0
2024/07/08 08:05:45 [notice] 1#1: exit
2024/07/08 08:06:12 [notice] 1#1: using the "epoll" event method
2024/07/08 08:06:12 [notice] 1#1: nginx/1.27.0
2024/07/08 08:06:12 [notice] 1#1: built by gcc 12.2.0 (Debian 12.2.0-14) 
2024/07/08 08:06:12 [notice] 1#1: OS: Linux 5.15.146.1-microsoft-standard-WSL2
2024/07/08 08:06:12 [notice] 1#1: getrlimit(RLIMIT_NOFILE): 1048576:1048576
2024/07/08 08:06:12 [notice] 1#1: start worker processes
2024/07/08 08:06:12 [notice] 1#1: start worker process 23
2024/07/08 08:06:12 [notice] 1#1: start worker process 24
2024/07/08 08:06:12 [notice] 1#1: start worker process 25
2024/07/08 08:06:12 [notice] 1#1: start worker process 26
2024/07/08 08:06:12 [notice] 1#1: start worker process 27
2024/07/08 08:06:12 [notice] 1#1: start worker process 28
2024/07/08 08:06:12 [notice] 1#1: start worker process 29
2024/07/08 08:06:12 [notice] 1#1: start worker process 30
2024/07/08 08:06:12 [notice] 1#1: start worker process 31
2024/07/08 08:06:12 [notice] 1#1: start worker process 32
2024/07/08 08:06:12 [notice] 1#1: start worker process 33
2024/07/08 08:06:12 [notice] 1#1: start worker process 34
2024/07/08 08:06:12 [notice] 1#1: start worker process 35
2024/07/08 08:06:12 [notice] 1#1: start worker process 36
2024/07/08 08:06:12 [notice] 1#1: start worker process 37
2024/07/08 08:06:12 [notice] 1#1: start worker process 38
2024/07/08 08:08:04 [notice] 1#1: signal 3 (SIGQUIT) received, shutting down
2024/07/08 08:08:04 [notice] 27#27: gracefully shutting down
2024/07/08 08:08:04 [notice] 31#31: gracefully shutting down
2024/07/08 08:08:04 [notice] 32#32: gracefully shutting down
2024/07/08 08:08:04 [notice] 32#32: exiting
2024/07/08 08:08:04 [notice] 28#28: gracefully shutting down
2024/07/08 08:08:04 [notice] 33#33: gracefully shutting down
2024/07/08 08:08:04 [notice] 33#33: exiting
2024/07/08 08:08:04 [notice] 25#25: gracefully shutting down
2024/07/08 08:08:04 [notice] 25#25: exiting
2024/07/08 08:08:04 [notice] 36#36: gracefully shutting down
2024/07/08 08:08:04 [notice] 38#38: gracefully shutting down
2024/07/08 08:08:04 [notice] 38#38: exiting
2024/07/08 08:08:04 [notice] 24#24: gracefully shutting down
2024/07/08 08:08:04 [notice] 29#29: gracefully shutting down
2024/07/08 08:08:04 [notice] 35#35: gracefully shutting down
2024/07/08 08:08:04 [notice] 34#34: gracefully shutting down
2024/07/08 08:08:04 [notice] 23#23: gracefully shutting down
2024/07/08 08:08:04 [notice] 30#30: gracefully shutting down
2024/07/08 08:08:04 [notice] 30#30: exiting
2024/07/08 08:08:04 [notice] 26#26: gracefully shutting down
2024/07/08 08:08:04 [notice] 37#37: gracefully shutting down
2024/07/08 08:08:04 [notice] 27#27: exiting
2024/07/08 08:08:04 [notice] 31#31: exiting
2024/07/08 08:08:04 [notice] 32#32: exit
2024/07/08 08:08:04 [notice] 28#28: exiting
2024/07/08 08:08:04 [notice] 33#33: exit
2024/07/08 08:08:04 [notice] 25#25: exit
2024/07/08 08:08:04 [notice] 36#36: exiting
2024/07/08 08:08:04 [notice] 38#38: exit
2024/07/08 08:08:04 [notice] 24#24: exiting
2024/07/08 08:08:04 [notice] 29#29: exiting
2024/07/08 08:08:04 [notice] 35#35: exiting
2024/07/08 08:08:04 [notice] 34#34: exiting
2024/07/08 08:08:04 [notice] 23#23: exiting
2024/07/08 08:08:04 [notice] 30#30: exit
2024/07/08 08:08:04 [notice] 26#26: exiting
2024/07/08 08:08:04 [notice] 26#26: exit
2024/07/08 08:08:04 [notice] 37#37: exiting
2024/07/08 08:08:04 [notice] 27#27: exit
2024/07/08 08:08:04 [notice] 31#31: exit
2024/07/08 08:08:04 [notice] 28#28: exit
2024/07/08 08:08:04 [notice] 36#36: exit
2024/07/08 08:08:04 [notice] 24#24: exit
2024/07/08 08:08:04 [notice] 29#29: exit
2024/07/08 08:08:04 [notice] 35#35: exit
2024/07/08 08:08:04 [notice] 34#34: exit
2024/07/08 08:08:04 [notice] 23#23: exit
2024/07/08 08:08:04 [notice] 37#37: exit
2024/07/08 08:08:04 [notice] 1#1: signal 17 (SIGCHLD) received from 33
2024/07/08 08:08:04 [notice] 1#1: worker process 33 exited with code 0
2024/07/08 08:08:04 [notice] 1#1: signal 29 (SIGIO) received
2024/07/08 08:08:04 [notice] 1#1: signal 17 (SIGCHLD) received from 28
2024/07/08 08:08:04 [notice] 1#1: worker process 28 exited with code 0
2024/07/08 08:08:04 [notice] 1#1: worker process 30 exited with code 0
2024/07/08 08:08:04 [notice] 1#1: worker process 31 exited with code 0
2024/07/08 08:08:04 [notice] 1#1: worker process 32 exited with code 0
2024/07/08 08:08:04 [notice] 1#1: worker process 35 exited with code 0
2024/07/08 08:08:04 [notice] 1#1: signal 29 (SIGIO) received
2024/07/08 08:08:04 [notice] 1#1: signal 17 (SIGCHLD) received from 32
2024/07/08 08:08:04 [notice] 1#1: signal 17 (SIGCHLD) received from 24
2024/07/08 08:08:04 [notice] 1#1: worker process 23 exited with code 0
2024/07/08 08:08:04 [notice] 1#1: worker process 24 exited with code 0
2024/07/08 08:08:04 [notice] 1#1: worker process 36 exited with code 0
2024/07/08 08:08:04 [notice] 1#1: worker process 38 exited with code 0
2024/07/08 08:08:04 [notice] 1#1: signal 29 (SIGIO) received
2024/07/08 08:08:04 [notice] 1#1: signal 17 (SIGCHLD) received from 36
2024/07/08 08:08:04 [notice] 1#1: signal 17 (SIGCHLD) received from 25
2024/07/08 08:08:04 [notice] 1#1: worker process 25 exited with code 0
2024/07/08 08:08:04 [notice] 1#1: signal 29 (SIGIO) received
2024/07/08 08:08:04 [notice] 1#1: signal 17 (SIGCHLD) received from 26
2024/07/08 08:08:04 [notice] 1#1: worker process 26 exited with code 0
2024/07/08 08:08:04 [notice] 1#1: worker process 34 exited with code 0
2024/07/08 08:08:04 [notice] 1#1: signal 29 (SIGIO) received
2024/07/08 08:08:04 [notice] 1#1: signal 17 (SIGCHLD) received from 27
2024/07/08 08:08:04 [notice] 1#1: worker process 27 exited with code 0
2024/07/08 08:08:04 [notice] 1#1: worker process 29 exited with code 0
2024/07/08 08:08:04 [notice] 1#1: worker process 37 exited with code 0
2024/07/08 08:08:04 [notice] 1#1: exit
2024/07/08 08:08:11 [notice] 1#1: using the "epoll" event method
2024/07/08 08:08:11 [notice] 1#1: nginx/1.27.0
2024/07/08 08:08:11 [notice] 1#1: built by gcc 12.2.0 (Debian 12.2.0-14) 
2024/07/08 08:08:11 [notice] 1#1: OS: Linux 5.15.146.1-microsoft-standard-WSL2
2024/07/08 08:08:11 [notice] 1#1: getrlimit(RLIMIT_NOFILE): 1048576:1048576
2024/07/08 08:08:11 [notice] 1#1: start worker processes
2024/07/08 08:08:11 [notice] 1#1: start worker process 29
2024/07/08 08:08:11 [notice] 1#1: start worker process 30
2024/07/08 08:08:11 [notice] 1#1: start worker process 31
2024/07/08 08:08:11 [notice] 1#1: start worker process 32
2024/07/08 08:08:11 [notice] 1#1: start worker process 33
2024/07/08 08:08:11 [notice] 1#1: start worker process 34
2024/07/08 08:08:11 [notice] 1#1: start worker process 35
2024/07/08 08:08:11 [notice] 1#1: start worker process 36
2024/07/08 08:08:11 [notice] 1#1: start worker process 37
2024/07/08 08:08:11 [notice] 1#1: start worker process 38
2024/07/08 08:08:11 [notice] 1#1: start worker process 39
2024/07/08 08:08:11 [notice] 1#1: start worker process 40
2024/07/08 08:08:11 [notice] 1#1: start worker process 41
2024/07/08 08:08:11 [notice] 1#1: start worker process 42
2024/07/08 08:08:11 [notice] 1#1: start worker process 43
2024/07/08 08:08:11 [notice] 1#1: start worker process 44
2024/07/08 08:36:39 [notice] 1#1: signal 3 (SIGQUIT) received, shutting down
2024/07/08 08:36:39 [notice] 29#29: gracefully shutting down
2024/07/08 08:36:39 [notice] 34#34: gracefully shutting down
2024/07/08 08:36:39 [notice] 34#34: exiting
2024/07/08 08:36:39 [notice] 33#33: gracefully shutting down
2024/07/08 08:36:39 [notice] 36#36: gracefully shutting down
2024/07/08 08:36:39 [notice] 35#35: gracefully shutting down
2024/07/08 08:36:39 [notice] 42#42: gracefully shutting down
2024/07/08 08:36:39 [notice] 43#43: gracefully shutting down
2024/07/08 08:36:39 [notice] 43#43: exiting
2024/07/08 08:36:39 [notice] 31#31: gracefully shutting down
2024/07/08 08:36:39 [notice] 39#39: gracefully shutting down
2024/07/08 08:36:39 [notice] 40#40: gracefully shutting down
2024/07/08 08:36:39 [notice] 40#40: exiting
2024/07/08 08:36:39 [notice] 30#30: gracefully shutting down
2024/07/08 08:36:39 [notice] 41#41: gracefully shutting down
2024/07/08 08:36:39 [notice] 41#41: exiting
2024/07/08 08:36:39 [notice] 37#37: gracefully shutting down
2024/07/08 08:36:39 [notice] 37#37: exiting
2024/07/08 08:36:39 [notice] 44#44: gracefully shutting down
2024/07/08 08:36:39 [notice] 38#38: gracefully shutting down
2024/07/08 08:36:39 [notice] 32#32: gracefully shutting down
2024/07/08 08:36:39 [notice] 29#29: exiting
2024/07/08 08:36:39 [notice] 34#34: exit
2024/07/08 08:36:39 [notice] 33#33: exiting
2024/07/08 08:36:39 [notice] 36#36: exiting
2024/07/08 08:36:39 [notice] 35#35: exiting
2024/07/08 08:36:39 [notice] 42#42: exiting
2024/07/08 08:36:39 [notice] 43#43: exit
2024/07/08 08:36:39 [notice] 31#31: exiting
2024/07/08 08:36:39 [notice] 39#39: exiting
2024/07/08 08:36:39 [notice] 40#40: exit
2024/07/08 08:36:39 [notice] 30#30: exiting
2024/07/08 08:36:39 [notice] 41#41: exit
2024/07/08 08:36:39 [notice] 37#37: exit
2024/07/08 08:36:39 [notice] 44#44: exiting
2024/07/08 08:36:39 [notice] 38#38: exiting
2024/07/08 08:36:39 [notice] 32#32: exiting
2024/07/08 08:36:39 [notice] 29#29: exit
2024/07/08 08:36:39 [notice] 33#33: exit
2024/07/08 08:36:39 [notice] 36#36: exit
2024/07/08 08:36:39 [notice] 35#35: exit
2024/07/08 08:36:39 [notice] 42#42: exit
2024/07/08 08:36:39 [notice] 31#31: exit
2024/07/08 08:36:39 [notice] 39#39: exit
2024/07/08 08:36:39 [notice] 30#30: exit
2024/07/08 08:36:39 [notice] 44#44: exit
2024/07/08 08:36:39 [notice] 38#38: exit
2024/07/08 08:36:39 [notice] 32#32: exit
2024/07/08 08:36:39 [notice] 1#1: signal 17 (SIGCHLD) received from 36
2024/07/08 08:36:39 [notice] 1#1: worker process 29 exited with code 0
2024/07/08 08:36:39 [notice] 1#1: worker process 30 exited with code 0
2024/07/08 08:36:39 [notice] 1#1: worker process 34 exited with code 0
2024/07/08 08:36:39 [notice] 1#1: worker process 35 exited with code 0
2024/07/08 08:36:39 [notice] 1#1: worker process 36 exited with code 0
2024/07/08 08:36:39 [notice] 1#1: worker process 37 exited with code 0
2024/07/08 08:36:39 [notice] 1#1: worker process 38 exited with code 0
2024/07/08 08:36:39 [notice] 1#1: worker process 40 exited with code 0
2024/07/08 08:36:39 [notice] 1#1: worker process 41 exited with code 0
2024/07/08 08:36:39 [notice] 1#1: worker process 43 exited with code 0
2024/07/08 08:36:39 [notice] 1#1: signal 29 (SIGIO) received
2024/07/08 08:36:39 [notice] 1#1: signal 17 (SIGCHLD) received from 40
2024/07/08 08:36:39 [notice] 1#1: signal 17 (SIGCHLD) received from 39
2024/07/08 08:36:39 [notice] 1#1: worker process 31 exited with code 0
2024/07/08 08:36:39 [notice] 1#1: worker process 32 exited with code 0
2024/07/08 08:36:39 [notice] 1#1: worker process 33 exited with code 0
2024/07/08 08:36:39 [notice] 1#1: worker process 39 exited with code 0
2024/07/08 08:36:39 [notice] 1#1: signal 29 (SIGIO) received
2024/07/08 08:36:39 [notice] 1#1: signal 17 (SIGCHLD) received from 32
2024/07/08 08:36:39 [notice] 1#1: signal 17 (SIGCHLD) received from 44
2024/07/08 08:36:39 [notice] 1#1: worker process 42 exited with code 0
2024/07/08 08:36:39 [notice] 1#1: worker process 44 exited with code 0
2024/07/08 08:36:39 [notice] 1#1: exit
2024/07/08 08:36:47 [notice] 1#1: using the "epoll" event method
2024/07/08 08:36:47 [notice] 1#1: nginx/1.27.0
2024/07/08 08:36:47 [notice] 1#1: built by gcc 12.2.0 (Debian 12.2.0-14) 
2024/07/08 08:36:47 [notice] 1#1: OS: Linux 5.15.146.1-microsoft-standard-WSL2
2024/07/08 08:36:47 [notice] 1#1: getrlimit(RLIMIT_NOFILE): 1048576:1048576
2024/07/08 08:36:47 [notice] 1#1: start worker processes
2024/07/08 08:36:47 [notice] 1#1: start worker process 29
2024/07/08 08:36:47 [notice] 1#1: start worker process 30
2024/07/08 08:36:47 [notice] 1#1: start worker process 31
2024/07/08 08:36:47 [notice] 1#1: start worker process 32
2024/07/08 08:36:47 [notice] 1#1: start worker process 33
2024/07/08 08:36:47 [notice] 1#1: start worker process 34
2024/07/08 08:36:47 [notice] 1#1: start worker process 35
2024/07/08 08:36:47 [notice] 1#1: start worker process 36
2024/07/08 08:36:47 [notice] 1#1: start worker process 37
2024/07/08 08:36:47 [notice] 1#1: start worker process 38
2024/07/08 08:36:47 [notice] 1#1: start worker process 39
2024/07/08 08:36:47 [notice] 1#1: start worker process 40
2024/07/08 08:36:47 [notice] 1#1: start worker process 41
2024/07/08 08:36:47 [notice] 1#1: start worker process 42
2024/07/08 08:36:47 [notice] 1#1: start worker process 43
2024/07/08 08:36:47 [notice] 1#1: start worker process 44
2024/07/08 08:41:05 [notice] 1#1: signal 3 (SIGQUIT) received, shutting down
2024/07/08 08:41:05 [notice] 29#29: gracefully shutting down
2024/07/08 08:41:05 [notice] 38#38: gracefully shutting down
2024/07/08 08:41:05 [notice] 30#30: gracefully shutting down
2024/07/08 08:41:05 [notice] 30#30: exiting
2024/07/08 08:41:05 [notice] 31#31: gracefully shutting down
2024/07/08 08:41:05 [notice] 32#32: gracefully shutting down
2024/07/08 08:41:05 [notice] 33#33: gracefully shutting down
2024/07/08 08:41:05 [notice] 34#34: gracefully shutting down
2024/07/08 08:41:05 [notice] 35#35: gracefully shutting down
2024/07/08 08:41:05 [notice] 36#36: gracefully shutting down
2024/07/08 08:41:05 [notice] 37#37: gracefully shutting down
2024/07/08 08:41:05 [notice] 39#39: gracefully shutting down
2024/07/08 08:41:05 [notice] 39#39: exiting
2024/07/08 08:41:05 [notice] 40#40: gracefully shutting down
2024/07/08 08:41:05 [notice] 29#29: exiting
2024/07/08 08:41:05 [notice] 41#41: gracefully shutting down
2024/07/08 08:41:05 [notice] 42#42: gracefully shutting down
2024/07/08 08:41:05 [notice] 42#42: exiting
2024/07/08 08:41:05 [notice] 43#43: gracefully shutting down
2024/07/08 08:41:05 [notice] 44#44: gracefully shutting down
2024/07/08 08:41:05 [notice] 38#38: exiting
2024/07/08 08:41:05 [notice] 30#30: exit
2024/07/08 08:41:05 [notice] 31#31: exiting
2024/07/08 08:41:05 [notice] 32#32: exiting
2024/07/08 08:41:05 [notice] 33#33: exiting
2024/07/08 08:41:05 [notice] 34#34: exiting
2024/07/08 08:41:05 [notice] 35#35: exiting
2024/07/08 08:41:05 [notice] 36#36: exiting
2024/07/08 08:41:05 [notice] 37#37: exiting
2024/07/08 08:41:05 [notice] 39#39: exit
2024/07/08 08:41:05 [notice] 40#40: exiting
2024/07/08 08:41:05 [notice] 29#29: exit
2024/07/08 08:41:05 [notice] 41#41: exiting
2024/07/08 08:41:05 [notice] 42#42: exit
2024/07/08 08:41:05 [notice] 43#43: exiting
2024/07/08 08:41:05 [notice] 44#44: exiting
2024/07/08 08:41:05 [notice] 38#38: exit
2024/07/08 08:41:05 [notice] 31#31: exit
2024/07/08 08:41:05 [notice] 32#32: exit
2024/07/08 08:41:05 [notice] 33#33: exit
2024/07/08 08:41:05 [notice] 34#34: exit
2024/07/08 08:41:05 [notice] 35#35: exit
2024/07/08 08:41:05 [notice] 36#36: exit
2024/07/08 08:41:05 [notice] 37#37: exit
2024/07/08 08:41:05 [notice] 40#40: exit
2024/07/08 08:41:05 [notice] 41#41: exit
2024/07/08 08:41:05 [notice] 43#43: exit
2024/07/08 08:41:05 [notice] 44#44: exit
2024/07/08 08:41:05 [notice] 1#1: signal 17 (SIGCHLD) received from 42
2024/07/08 08:41:05 [notice] 1#1: worker process 30 exited with code 0
2024/07/08 08:41:05 [notice] 1#1: worker process 31 exited with code 0
2024/07/08 08:41:05 [notice] 1#1: worker process 32 exited with code 0
2024/07/08 08:41:05 [notice] 1#1: worker process 34 exited with code 0
2024/07/08 08:41:05 [notice] 1#1: worker process 36 exited with code 0
2024/07/08 08:41:05 [notice] 1#1: worker process 39 exited with code 0
2024/07/08 08:41:05 [notice] 1#1: worker process 40 exited with code 0
2024/07/08 08:41:05 [notice] 1#1: worker process 42 exited with code 0
2024/07/08 08:41:05 [notice] 1#1: worker process 43 exited with code 0
2024/07/08 08:41:05 [notice] 1#1: signal 29 (SIGIO) received
2024/07/08 08:41:05 [notice] 1#1: signal 17 (SIGCHLD) received from 29
2024/07/08 08:41:05 [notice] 1#1: worker process 29 exited with code 0
2024/07/08 08:41:05 [notice] 1#1: signal 29 (SIGIO) received
2024/07/08 08:41:05 [notice] 1#1: signal 17 (SIGCHLD) received from 33
2024/07/08 08:41:05 [notice] 1#1: worker process 33 exited with code 0
2024/07/08 08:41:05 [notice] 1#1: worker process 37 exited with code 0
2024/07/08 08:41:05 [notice] 1#1: worker process 38 exited with code 0
2024/07/08 08:41:05 [notice] 1#1: worker process 41 exited with code 0
2024/07/08 08:41:05 [notice] 1#1: worker process 44 exited with code 0
2024/07/08 08:41:05 [notice] 1#1: signal 29 (SIGIO) received
2024/07/08 08:41:05 [notice] 1#1: signal 17 (SIGCHLD) received from 37
2024/07/08 08:41:05 [notice] 1#1: signal 17 (SIGCHLD) received from 35
2024/07/08 08:41:05 [notice] 1#1: worker process 35 exited with code 0
2024/07/08 08:41:05 [notice] 1#1: exit
2024/07/08 08:41:06 [emerg] 1#1: "user" directive is not allowed here in /etc/nginx/conf.d/default.conf:1
2024/07/08 08:41:07 [emerg] 1#1: "user" directive is not allowed here in /etc/nginx/conf.d/default.conf:1
2024/07/08 08:41:08 [emerg] 1#1: "user" directive is not allowed here in /etc/nginx/conf.d/default.conf:1
2024/07/08 08:41:09 [emerg] 1#1: "user" directive is not allowed here in /etc/nginx/conf.d/default.conf:1
2024/07/08 08:41:10 [emerg] 1#1: "user" directive is not allowed here in /etc/nginx/conf.d/default.conf:1
2024/07/08 08:41:12 [emerg] 1#1: "user" directive is not allowed here in /etc/nginx/conf.d/default.conf:1
2024/07/08 08:41:16 [emerg] 1#1: "user" directive is not allowed here in /etc/nginx/conf.d/default.conf:1
2024/07/08 08:41:23 [emerg] 1#1: "user" directive is not allowed here in /etc/nginx/conf.d/default.conf:1
2024/07/08 08:41:36 [emerg] 1#1: "user" directive is not allowed here in /etc/nginx/conf.d/default.conf:1
2024/07/08 08:42:02 [emerg] 1#1: "user" directive is not allowed here in /etc/nginx/conf.d/default.conf:1
2024/07/08 08:42:53 [emerg] 1#1: "user" directive is not allowed here in /etc/nginx/conf.d/default.conf:1
2024/07/08 08:43:54 [emerg] 1#1: "user" directive is not allowed here in /etc/nginx/conf.d/default.conf:1
2024/07/08 08:44:54 [emerg] 1#1: "user" directive is not allowed here in /etc/nginx/conf.d/default.conf:1
2024/07/08 08:45:55 [emerg] 1#1: "user" directive is not allowed here in /etc/nginx/conf.d/default.conf:1
2024/07/08 08:46:55 [emerg] 1#1: "user" directive is not allowed here in /etc/nginx/conf.d/default.conf:1
2024/07/08 08:47:55 [emerg] 1#1: "user" directive is not allowed here in /etc/nginx/conf.d/default.conf:1
2024/07/08 08:48:56 [emerg] 1#1: "user" directive is not allowed here in /etc/nginx/conf.d/default.conf:1
2024/07/08 08:49:56 [emerg] 1#1: "user" directive is not allowed here in /etc/nginx/conf.d/default.conf:1
2024/07/08 08:50:56 [emerg] 1#1: "user" directive is not allowed here in /etc/nginx/conf.d/default.conf:1
2024/07/08 08:51:57 [emerg] 1#1: "user" directive is not allowed here in /etc/nginx/conf.d/default.conf:1
2024/07/08 08:52:57 [emerg] 1#1: "user" directive is not allowed here in /etc/nginx/conf.d/default.conf:1
2024/07/08 08:53:58 [emerg] 1#1: "user" directive is not allowed here in /etc/nginx/conf.d/default.conf:1
2024/07/08 08:54:58 [emerg] 1#1: "user" directive is not allowed here in /etc/nginx/conf.d/default.conf:1
2024/07/08 08:55:58 [emerg] 1#1: "user" directive is not allowed here in /etc/nginx/conf.d/default.conf:1
2024/07/08 08:56:59 [emerg] 1#1: "user" directive is not allowed here in /etc/nginx/conf.d/default.conf:1
2024/07/08 08:57:59 [emerg] 1#1: "user" directive is not allowed here in /etc/nginx/conf.d/default.conf:1
2024/07/08 08:58:16 [emerg] 1#1: "user" directive is not allowed here in /etc/nginx/conf.d/default.conf:1
2024/07/08 08:58:18 [emerg] 1#1: "user" directive is not allowed here in /etc/nginx/conf.d/default.conf:1
2024/07/08 08:58:18 [emerg] 1#1: "user" directive is not allowed here in /etc/nginx/conf.d/default.conf:1
2024/07/08 08:58:19 [emerg] 1#1: "user" directive is not allowed here in /etc/nginx/conf.d/default.conf:1
2024/07/08 08:58:21 [emerg] 1#1: "user" directive is not allowed here in /etc/nginx/conf.d/default.conf:1
2024/07/08 08:58:23 [emerg] 1#1: "user" directive is not allowed here in /etc/nginx/conf.d/default.conf:1
2024/07/08 08:58:26 [emerg] 1#1: "user" directive is not allowed here in /etc/nginx/conf.d/default.conf:1
2024/07/08 08:58:33 [emerg] 1#1: "user" directive is not allowed here in /etc/nginx/conf.d/default.conf:1
2024/07/08 08:59:02 [emerg] 1#1: "user" directive is not allowed here in /etc/nginx/conf.d/default.conf:1
2024/07/08 08:59:03 [emerg] 1#1: "user" directive is not allowed here in /etc/nginx/conf.d/default.conf:1
2024/07/08 08:59:04 [emerg] 1#1: "user" directive is not allowed here in /etc/nginx/conf.d/default.conf:1
2024/07/08 08:59:05 [emerg] 1#1: "user" directive is not allowed here in /etc/nginx/conf.d/default.conf:1
2024/07/08 08:59:07 [emerg] 1#1: "user" directive is not allowed here in /etc/nginx/conf.d/default.conf:1
2024/07/08 08:59:09 [emerg] 1#1: "user" directive is not allowed here in /etc/nginx/conf.d/default.conf:1
2024/07/08 08:59:12 [emerg] 1#1: "user" directive is not allowed here in /etc/nginx/conf.d/default.conf:1
2024/07/08 08:59:19 [emerg] 1#1: "user" directive is not allowed here in /etc/nginx/conf.d/default.conf:1
2024/07/08 08:59:32 [emerg] 1#1: "user" directive is not allowed here in /etc/nginx/conf.d/default.conf:1
2024/07/08 08:59:58 [emerg] 1#1: "user" directive is not allowed here in /etc/nginx/conf.d/default.conf:1
2024/07/08 09:00:50 [emerg] 1#1: "user" directive is not allowed here in /etc/nginx/conf.d/default.conf:1
2024/07/08 09:01:50 [emerg] 1#1: "user" directive is not allowed here in /etc/nginx/conf.d/default.conf:1
2024/07/08 09:02:35 [notice] 1#1: using the "epoll" event method
2024/07/08 09:02:35 [notice] 1#1: nginx/1.27.0
2024/07/08 09:02:35 [notice] 1#1: built by gcc 12.2.0 (Debian 12.2.0-14) 
2024/07/08 09:02:35 [notice] 1#1: OS: Linux 5.15.146.1-microsoft-standard-WSL2
2024/07/08 09:02:35 [notice] 1#1: getrlimit(RLIMIT_NOFILE): 1048576:1048576
2024/07/08 09:02:35 [notice] 1#1: start worker processes
2024/07/08 09:02:35 [notice] 1#1: start worker process 29
2024/07/08 09:02:35 [notice] 1#1: start worker process 30
2024/07/08 09:02:35 [notice] 1#1: start worker process 31
2024/07/08 09:02:35 [notice] 1#1: start worker process 32
2024/07/08 09:02:35 [notice] 1#1: start worker process 33
2024/07/08 09:02:35 [notice] 1#1: start worker process 34
2024/07/08 09:02:35 [notice] 1#1: start worker process 35
2024/07/08 09:02:35 [notice] 1#1: start worker process 36
2024/07/08 09:02:35 [notice] 1#1: start worker process 37
2024/07/08 09:02:35 [notice] 1#1: start worker process 38
2024/07/08 09:02:35 [notice] 1#1: start worker process 39
2024/07/08 09:02:35 [notice] 1#1: start worker process 40
2024/07/08 09:02:35 [notice] 1#1: start worker process 41
2024/07/08 09:02:35 [notice] 1#1: start worker process 42
2024/07/08 09:02:35 [notice] 1#1: start worker process 43
2024/07/08 09:02:35 [notice] 1#1: start worker process 44
2024/07/08 09:07:35 [notice] 1#1: signal 3 (SIGQUIT) received, shutting down
2024/07/08 09:07:35 [notice] 29#29: gracefully shutting down
2024/07/08 09:07:35 [notice] 31#31: gracefully shutting down
2024/07/08 09:07:35 [notice] 30#30: gracefully shutting down
2024/07/08 09:07:35 [notice] 30#30: exiting
2024/07/08 09:07:35 [notice] 32#32: gracefully shutting down
2024/07/08 09:07:35 [notice] 36#36: gracefully shutting down
2024/07/08 09:07:35 [notice] 35#35: gracefully shutting down
2024/07/08 09:07:35 [notice] 35#35: exiting
2024/07/08 09:07:35 [notice] 37#37: gracefully shutting down
2024/07/08 09:07:35 [notice] 37#37: exiting
2024/07/08 09:07:35 [notice] 39#39: gracefully shutting down
2024/07/08 09:07:35 [notice] 42#42: gracefully shutting down
2024/07/08 09:07:35 [notice] 38#38: gracefully shutting down
2024/07/08 09:07:35 [notice] 34#34: gracefully shutting down
2024/07/08 09:07:35 [notice] 33#33: gracefully shutting down
2024/07/08 09:07:35 [notice] 33#33: exiting
2024/07/08 09:07:35 [notice] 41#41: gracefully shutting down
2024/07/08 09:07:35 [notice] 40#40: gracefully shutting down
2024/07/08 09:07:35 [notice] 43#43: gracefully shutting down
2024/07/08 09:07:35 [notice] 44#44: gracefully shutting down
2024/07/08 09:07:35 [notice] 29#29: exiting
2024/07/08 09:07:35 [notice] 31#31: exiting
2024/07/08 09:07:35 [notice] 30#30: exit
2024/07/08 09:07:35 [notice] 32#32: exiting
2024/07/08 09:07:35 [notice] 36#36: exiting
2024/07/08 09:07:35 [notice] 35#35: exit
2024/07/08 09:07:35 [notice] 37#37: exit
2024/07/08 09:07:35 [notice] 39#39: exiting
2024/07/08 09:07:35 [notice] 42#42: exiting
2024/07/08 09:07:35 [notice] 38#38: exiting
2024/07/08 09:07:35 [notice] 34#34: exiting
2024/07/08 09:07:35 [notice] 33#33: exit
2024/07/08 09:07:35 [notice] 41#41: exiting
2024/07/08 09:07:35 [notice] 40#40: exiting
2024/07/08 09:07:35 [notice] 43#43: exiting
2024/07/08 09:07:35 [notice] 44#44: exiting
2024/07/08 09:07:35 [notice] 29#29: exit
2024/07/08 09:07:35 [notice] 31#31: exit
2024/07/08 09:07:35 [notice] 32#32: exit
2024/07/08 09:07:35 [notice] 36#36: exit
2024/07/08 09:07:35 [notice] 39#39: exit
2024/07/08 09:07:35 [notice] 42#42: exit
2024/07/08 09:07:35 [notice] 38#38: exit
2024/07/08 09:07:35 [notice] 34#34: exit
2024/07/08 09:07:35 [notice] 41#41: exit
2024/07/08 09:07:35 [notice] 40#40: exit
2024/07/08 09:07:35 [notice] 43#43: exit
2024/07/08 09:07:35 [notice] 44#44: exit
2024/07/08 09:07:35 [notice] 1#1: signal 17 (SIGCHLD) received from 39
2024/07/08 09:07:35 [notice] 1#1: worker process 31 exited with code 0
2024/07/08 09:07:35 [notice] 1#1: worker process 32 exited with code 0
2024/07/08 09:07:35 [notice] 1#1: worker process 35 exited with code 0
2024/07/08 09:07:35 [notice] 1#1: worker process 37 exited with code 0
2024/07/08 09:07:35 [notice] 1#1: worker process 39 exited with code 0
2024/07/08 09:07:35 [notice] 1#1: worker process 42 exited with code 0
2024/07/08 09:07:35 [notice] 1#1: worker process 44 exited with code 0
2024/07/08 09:07:35 [notice] 1#1: signal 29 (SIGIO) received
2024/07/08 09:07:35 [notice] 1#1: signal 17 (SIGCHLD) received from 42
2024/07/08 09:07:35 [notice] 1#1: signal 17 (SIGCHLD) received from 38
2024/07/08 09:07:35 [notice] 1#1: worker process 29 exited with code 0
2024/07/08 09:07:35 [notice] 1#1: worker process 30 exited with code 0
2024/07/08 09:07:35 [notice] 1#1: worker process 33 exited with code 0
2024/07/08 09:07:35 [notice] 1#1: worker process 36 exited with code 0
2024/07/08 09:07:35 [notice] 1#1: worker process 38 exited with code 0
2024/07/08 09:07:35 [notice] 1#1: worker process 40 exited with code 0
2024/07/08 09:07:35 [notice] 1#1: worker process 43 exited with code 0
2024/07/08 09:07:35 [notice] 1#1: signal 29 (SIGIO) received
2024/07/08 09:07:35 [notice] 1#1: signal 17 (SIGCHLD) received from 43
2024/07/08 09:07:35 [notice] 1#1: signal 17 (SIGCHLD) received from 34
2024/07/08 09:07:35 [notice] 1#1: worker process 34 exited with code 0
2024/07/08 09:07:35 [notice] 1#1: worker process 41 exited with code 0
2024/07/08 09:07:35 [notice] 1#1: exit
2024/07/08 09:08:05 [notice] 1#1: using the "epoll" event method
2024/07/08 09:08:05 [notice] 1#1: nginx/1.27.0
2024/07/08 09:08:05 [notice] 1#1: built by gcc 12.2.0 (Debian 12.2.0-14) 
2024/07/08 09:08:05 [notice] 1#1: OS: Linux 5.15.146.1-microsoft-standard-WSL2
2024/07/08 09:08:05 [notice] 1#1: getrlimit(RLIMIT_NOFILE): 1048576:1048576
2024/07/08 09:08:05 [notice] 1#1: start worker processes
2024/07/08 09:08:05 [notice] 1#1: start worker process 28
2024/07/08 09:08:05 [notice] 1#1: start worker process 29
2024/07/08 09:08:05 [notice] 1#1: start worker process 30
2024/07/08 09:08:05 [notice] 1#1: start worker process 31
2024/07/08 09:08:05 [notice] 1#1: start worker process 32
2024/07/08 09:08:05 [notice] 1#1: start worker process 33
2024/07/08 09:08:05 [notice] 1#1: start worker process 34
2024/07/08 09:08:05 [notice] 1#1: start worker process 35
2024/07/08 09:08:05 [notice] 1#1: start worker process 36
2024/07/08 09:08:05 [notice] 1#1: start worker process 37
2024/07/08 09:08:05 [notice] 1#1: start worker process 38
2024/07/08 09:08:05 [notice] 1#1: start worker process 39
2024/07/08 09:08:05 [notice] 1#1: start worker process 40
2024/07/08 09:08:05 [notice] 1#1: start worker process 41
2024/07/08 09:08:05 [notice] 1#1: start worker process 42
2024/07/08 09:08:05 [notice] 1#1: start worker process 43
2024/07/08 09:18:02 [notice] 1#1: signal 3 (SIGQUIT) received, shutting down
2024/07/08 09:18:02 [notice] 28#28: gracefully shutting down
2024/07/08 09:18:02 [notice] 28#28: exiting
2024/07/08 09:18:02 [notice] 30#30: gracefully shutting down
2024/07/08 09:18:02 [notice] 29#29: gracefully shutting down
2024/07/08 09:18:02 [notice] 34#34: gracefully shutting down
2024/07/08 09:18:02 [notice] 32#32: gracefully shutting down
2024/07/08 09:18:02 [notice] 37#37: gracefully shutting down
2024/07/08 09:18:02 [notice] 33#33: gracefully shutting down
2024/07/08 09:18:02 [notice] 31#31: gracefully shutting down
2024/07/08 09:18:02 [notice] 38#38: gracefully shutting down
2024/07/08 09:18:02 [notice] 36#36: gracefully shutting down
2024/07/08 09:18:02 [notice] 35#35: gracefully shutting down
2024/07/08 09:18:02 [notice] 40#40: gracefully shutting down
2024/07/08 09:18:02 [notice] 39#39: gracefully shutting down
2024/07/08 09:18:02 [notice] 41#41: gracefully shutting down
2024/07/08 09:18:02 [notice] 42#42: gracefully shutting down
2024/07/08 09:18:02 [notice] 42#42: exiting
2024/07/08 09:18:02 [notice] 43#43: gracefully shutting down
2024/07/08 09:18:02 [notice] 43#43: exiting
2024/07/08 09:18:02 [notice] 28#28: exit
2024/07/08 09:18:02 [notice] 30#30: exiting
2024/07/08 09:18:02 [notice] 29#29: exiting
2024/07/08 09:18:02 [notice] 34#34: exiting
2024/07/08 09:18:02 [notice] 32#32: exiting
2024/07/08 09:18:02 [notice] 37#37: exiting
2024/07/08 09:18:02 [notice] 33#33: exiting
2024/07/08 09:18:02 [notice] 31#31: exiting
2024/07/08 09:18:02 [notice] 31#31: exit
2024/07/08 09:18:02 [notice] 38#38: exiting
2024/07/08 09:18:02 [notice] 36#36: exiting
2024/07/08 09:18:02 [notice] 35#35: exiting
2024/07/08 09:18:02 [notice] 40#40: exiting
2024/07/08 09:18:02 [notice] 39#39: exiting
2024/07/08 09:18:02 [notice] 39#39: exit
2024/07/08 09:18:02 [notice] 41#41: exiting
2024/07/08 09:18:02 [notice] 42#42: exit
2024/07/08 09:18:02 [notice] 43#43: exit
2024/07/08 09:18:02 [notice] 30#30: exit
2024/07/08 09:18:02 [notice] 29#29: exit
2024/07/08 09:18:02 [notice] 34#34: exit
2024/07/08 09:18:02 [notice] 32#32: exit
2024/07/08 09:18:02 [notice] 37#37: exit
2024/07/08 09:18:02 [notice] 33#33: exit
2024/07/08 09:18:02 [notice] 38#38: exit
2024/07/08 09:18:02 [notice] 36#36: exit
2024/07/08 09:18:02 [notice] 35#35: exit
2024/07/08 09:18:02 [notice] 40#40: exit
2024/07/08 09:18:02 [notice] 41#41: exit
2024/07/08 09:18:03 [notice] 1#1: signal 17 (SIGCHLD) received from 31
2024/07/08 09:18:03 [notice] 1#1: worker process 31 exited with code 0
2024/07/08 09:18:03 [notice] 1#1: signal 29 (SIGIO) received
2024/07/08 09:18:03 [notice] 1#1: signal 17 (SIGCHLD) received from 30
2024/07/08 09:18:03 [notice] 1#1: worker process 28 exited with code 0
2024/07/08 09:18:03 [notice] 1#1: worker process 30 exited with code 0
2024/07/08 09:18:03 [notice] 1#1: worker process 35 exited with code 0
2024/07/08 09:18:03 [notice] 1#1: signal 29 (SIGIO) received
2024/07/08 09:18:03 [notice] 1#1: signal 17 (SIGCHLD) received from 28
2024/07/08 09:18:03 [notice] 1#1: signal 17 (SIGCHLD) received from 34
2024/07/08 09:18:03 [notice] 1#1: worker process 34 exited with code 0
2024/07/08 09:18:03 [notice] 1#1: worker process 40 exited with code 0
2024/07/08 09:18:03 [notice] 1#1: signal 29 (SIGIO) received
2024/07/08 09:18:03 [notice] 1#1: signal 17 (SIGCHLD) received from 42
2024/07/08 09:18:03 [notice] 1#1: worker process 42 exited with code 0
2024/07/08 09:18:03 [notice] 1#1: signal 29 (SIGIO) received
2024/07/08 09:18:03 [notice] 1#1: signal 17 (SIGCHLD) received from 33
2024/07/08 09:18:03 [notice] 1#1: worker process 32 exited with code 0
2024/07/08 09:18:03 [notice] 1#1: worker process 33 exited with code 0
2024/07/08 09:18:03 [notice] 1#1: worker process 36 exited with code 0
2024/07/08 09:18:03 [notice] 1#1: worker process 38 exited with code 0
2024/07/08 09:18:03 [notice] 1#1: worker process 39 exited with code 0
2024/07/08 09:18:03 [notice] 1#1: worker process 41 exited with code 0
2024/07/08 09:18:03 [notice] 1#1: worker process 43 exited with code 0
2024/07/08 09:18:03 [notice] 1#1: signal 29 (SIGIO) received
2024/07/08 09:18:03 [notice] 1#1: signal 17 (SIGCHLD) received from 36
2024/07/08 09:18:03 [notice] 1#1: signal 17 (SIGCHLD) received from 29
2024/07/08 09:18:03 [notice] 1#1: worker process 29 exited with code 0
2024/07/08 09:18:03 [notice] 1#1: worker process 37 exited with code 0
2024/07/08 09:18:03 [notice] 1#1: exit
2024/07/08 09:18:16 [notice] 1#1: using the "epoll" event method
2024/07/08 09:18:16 [notice] 1#1: nginx/1.27.0
2024/07/08 09:18:16 [notice] 1#1: built by gcc 12.2.0 (Debian 12.2.0-14) 
2024/07/08 09:18:16 [notice] 1#1: OS: Linux 5.15.146.1-microsoft-standard-WSL2
2024/07/08 09:18:16 [notice] 1#1: getrlimit(RLIMIT_NOFILE): 1048576:1048576
2024/07/08 09:18:16 [notice] 1#1: start worker processes
2024/07/08 09:18:16 [notice] 1#1: start worker process 30
2024/07/08 09:18:16 [notice] 1#1: start worker process 31
2024/07/08 09:18:16 [notice] 1#1: start worker process 32
2024/07/08 09:18:16 [notice] 1#1: start worker process 33
2024/07/08 09:18:16 [notice] 1#1: start worker process 34
2024/07/08 09:18:16 [notice] 1#1: start worker process 35
2024/07/08 09:18:16 [notice] 1#1: start worker process 36
2024/07/08 09:18:16 [notice] 1#1: start worker process 37
2024/07/08 09:18:16 [notice] 1#1: start worker process 38
2024/07/08 09:18:16 [notice] 1#1: start worker process 39
2024/07/08 09:18:16 [notice] 1#1: start worker process 40
2024/07/08 09:18:16 [notice] 1#1: start worker process 41
2024/07/08 09:18:16 [notice] 1#1: start worker process 42
2024/07/08 09:18:16 [notice] 1#1: start worker process 43
2024/07/08 09:18:16 [notice] 1#1: start worker process 44
2024/07/08 09:18:16 [notice] 1#1: start worker process 45
2024/07/08 09:19:35 [notice] 1#1: signal 3 (SIGQUIT) received, shutting down
2024/07/08 09:19:35 [notice] 30#30: gracefully shutting down
2024/07/08 09:19:35 [notice] 45#45: gracefully shutting down
2024/07/08 09:19:35 [notice] 31#31: gracefully shutting down
2024/07/08 09:19:35 [notice] 32#32: gracefully shutting down
2024/07/08 09:19:35 [notice] 32#32: exiting
2024/07/08 09:19:35 [notice] 33#33: gracefully shutting down
2024/07/08 09:19:35 [notice] 34#34: gracefully shutting down
2024/07/08 09:19:35 [notice] 35#35: gracefully shutting down
2024/07/08 09:19:35 [notice] 36#36: gracefully shutting down
2024/07/08 09:19:35 [notice] 38#38: gracefully shutting down
2024/07/08 09:19:35 [notice] 37#37: gracefully shutting down
2024/07/08 09:19:35 [notice] 37#37: exiting
2024/07/08 09:19:35 [notice] 39#39: gracefully shutting down
2024/07/08 09:19:35 [notice] 41#41: gracefully shutting down
2024/07/08 09:19:35 [notice] 40#40: gracefully shutting down
2024/07/08 09:19:35 [notice] 40#40: exiting
2024/07/08 09:19:35 [notice] 42#42: gracefully shutting down
2024/07/08 09:19:35 [notice] 43#43: gracefully shutting down
2024/07/08 09:19:35 [notice] 43#43: exiting
2024/07/08 09:19:35 [notice] 44#44: gracefully shutting down
2024/07/08 09:19:35 [notice] 30#30: exiting
2024/07/08 09:19:35 [notice] 45#45: exiting
2024/07/08 09:19:35 [notice] 31#31: exiting
2024/07/08 09:19:35 [notice] 32#32: exit
2024/07/08 09:19:35 [notice] 33#33: exiting
2024/07/08 09:19:35 [notice] 34#34: exiting
2024/07/08 09:19:35 [notice] 35#35: exiting
2024/07/08 09:19:35 [notice] 36#36: exiting
2024/07/08 09:19:35 [notice] 38#38: exiting
2024/07/08 09:19:35 [notice] 37#37: exit
2024/07/08 09:19:35 [notice] 39#39: exiting
2024/07/08 09:19:35 [notice] 41#41: exiting
2024/07/08 09:19:35 [notice] 40#40: exit
2024/07/08 09:19:35 [notice] 42#42: exiting
2024/07/08 09:19:35 [notice] 43#43: exit
2024/07/08 09:19:35 [notice] 44#44: exiting
2024/07/08 09:19:35 [notice] 30#30: exit
2024/07/08 09:19:35 [notice] 45#45: exit
2024/07/08 09:19:35 [notice] 31#31: exit
2024/07/08 09:19:35 [notice] 33#33: exit
2024/07/08 09:19:35 [notice] 34#34: exit
2024/07/08 09:19:35 [notice] 35#35: exit
2024/07/08 09:19:35 [notice] 36#36: exit
2024/07/08 09:19:35 [notice] 38#38: exit
2024/07/08 09:19:35 [notice] 39#39: exit
2024/07/08 09:19:35 [notice] 41#41: exit
2024/07/08 09:19:35 [notice] 42#42: exit
2024/07/08 09:19:35 [notice] 44#44: exit
2024/07/08 09:19:35 [notice] 1#1: signal 17 (SIGCHLD) received from 33
2024/07/08 09:19:35 [notice] 1#1: worker process 33 exited with code 0
2024/07/08 09:19:35 [notice] 1#1: signal 29 (SIGIO) received
2024/07/08 09:19:35 [notice] 1#1: signal 17 (SIGCHLD) received from 40
2024/07/08 09:19:35 [notice] 1#1: worker process 31 exited with code 0
2024/07/08 09:19:35 [notice] 1#1: worker process 30 exited with code 0
2024/07/08 09:19:35 [notice] 1#1: worker process 32 exited with code 0
2024/07/08 09:19:35 [notice] 1#1: worker process 34 exited with code 0
2024/07/08 09:19:35 [notice] 1#1: worker process 36 exited with code 0
2024/07/08 09:19:35 [notice] 1#1: worker process 38 exited with code 0
2024/07/08 09:19:35 [notice] 1#1: worker process 40 exited with code 0
2024/07/08 09:19:35 [notice] 1#1: worker process 42 exited with code 0
2024/07/08 09:19:35 [notice] 1#1: worker process 43 exited with code 0
2024/07/08 09:19:35 [notice] 1#1: signal 29 (SIGIO) received
2024/07/08 09:19:35 [notice] 1#1: signal 17 (SIGCHLD) received from 34
2024/07/08 09:19:35 [notice] 1#1: signal 17 (SIGCHLD) received from 39
2024/07/08 09:19:35 [notice] 1#1: worker process 39 exited with code 0
2024/07/08 09:19:35 [notice] 1#1: worker process 44 exited with code 0
2024/07/08 09:19:35 [notice] 1#1: worker process 45 exited with code 0
2024/07/08 09:19:35 [notice] 1#1: signal 29 (SIGIO) received
2024/07/08 09:19:35 [notice] 1#1: signal 17 (SIGCHLD) received from 44
2024/07/08 09:19:35 [notice] 1#1: signal 17 (SIGCHLD) received from 35
2024/07/08 09:19:35 [notice] 1#1: worker process 35 exited with code 0
2024/07/08 09:19:35 [notice] 1#1: worker process 37 exited with code 0
2024/07/08 09:19:35 [notice] 1#1: worker process 41 exited with code 0
2024/07/08 09:19:35 [notice] 1#1: exit
2024/07/08 09:19:51 [notice] 1#1: using the "epoll" event method
2024/07/08 09:19:51 [notice] 1#1: nginx/1.27.0
2024/07/08 09:19:51 [notice] 1#1: built by gcc 12.2.0 (Debian 12.2.0-14) 
2024/07/08 09:19:51 [notice] 1#1: OS: Linux 5.15.146.1-microsoft-standard-WSL2
2024/07/08 09:19:51 [notice] 1#1: getrlimit(RLIMIT_NOFILE): 1048576:1048576
2024/07/08 09:19:51 [notice] 1#1: start worker processes
2024/07/08 09:19:51 [notice] 1#1: start worker process 29
2024/07/08 09:19:51 [notice] 1#1: start worker process 30
2024/07/08 09:19:51 [notice] 1#1: start worker process 31
2024/07/08 09:19:51 [notice] 1#1: start worker process 32
2024/07/08 09:19:51 [notice] 1#1: start worker process 33
2024/07/08 09:19:51 [notice] 1#1: start worker process 34
2024/07/08 09:19:51 [notice] 1#1: start worker process 35
2024/07/08 09:19:51 [notice] 1#1: start worker process 36
2024/07/08 09:19:51 [notice] 1#1: start worker process 37
2024/07/08 09:19:51 [notice] 1#1: start worker process 38
2024/07/08 09:19:51 [notice] 1#1: start worker process 39
2024/07/08 09:19:51 [notice] 1#1: start worker process 40
2024/07/08 09:19:51 [notice] 1#1: start worker process 41
2024/07/08 09:19:51 [notice] 1#1: start worker process 42
2024/07/08 09:19:51 [notice] 1#1: start worker process 43
2024/07/08 09:19:51 [notice] 1#1: start worker process 44
